{"numTotalTestSuites":351,"numPassedTestSuites":347,"numFailedTestSuites":4,"numPendingTestSuites":0,"numTotalTests":976,"numPassedTests":972,"numFailedTests":4,"numPendingTests":0,"numTodoTests":0,"snapshot":{"added":0,"failure":false,"filesAdded":0,"filesRemoved":0,"filesRemovedList":[],"filesUnmatched":0,"filesUpdated":0,"matched":0,"total":0,"unchecked":0,"uncheckedKeysByFile":[],"unmatched":0,"updated":0,"didUpdate":false},"startTime":1779076045543,"success":false,"testResults":[{"assertionResults":[{"ancestorTitles":["Phase 4 — Benchmark: DataClassifier"],"fullName":"Phase 4 — Benchmark: DataClassifier classify — 1000 iterations across 6 cases","status":"passed","title":"classify — 1000 iterations across 6 cases","duration":26.257399999999848,"failureMessages":[],"meta":{}},{"ancestorTitles":["Phase 4 — Benchmark: DataClassifier"],"fullName":"Phase 4 — Benchmark: DataClassifier classify — PII-heavy content","status":"passed","title":"classify — PII-heavy content","duration":20.21440000000007,"failureMessages":[],"meta":{}},{"ancestorTitles":["Phase 4 — Benchmark: RedactionEngine"],"fullName":"Phase 4 — Benchmark: RedactionEngine setup","status":"passed","title":"setup","duration":0.5473999999999251,"failureMessages":[],"meta":{}},{"ancestorTitles":["Phase 4 — Benchmark: RedactionEngine"],"fullName":"Phase 4 — Benchmark: RedactionEngine redact — 1000 iterations across 7 cases","status":"passed","title":"redact — 1000 iterations across 7 cases","duration":2374.4439,"failureMessages":[],"meta":{}},{"ancestorTitles":["Phase 4 — Benchmark: RedactionEngine"],"fullName":"Phase 4 — Benchmark: RedactionEngine redact — large content only","status":"passed","title":"redact — large content only","duration":10592.1931,"failureMessages":[],"meta":{}},{"ancestorTitles":["Phase 4 — Benchmark: SmallModelGuard"],"fullName":"Phase 4 — Benchmark: SmallModelGuard setup","status":"passed","title":"setup","duration":0.3649999999997817,"failureMessages":[],"meta":{}},{"ancestorTitles":["Phase 4 — Benchmark: SmallModelGuard"],"fullName":"Phase 4 — Benchmark: SmallModelGuard check — 1000 iterations across 6 cases","status":"passed","title":"check — 1000 iterations across 6 cases","duration":72.61440000000039,"failureMessages":[],"meta":{}},{"ancestorTitles":["Phase 4 — Benchmark: SmallModelGuard"],"fullName":"Phase 4 — Benchmark: SmallModelGuard check — jailbreak worst-case","status":"passed","title":"check — jailbreak worst-case","duration":7.113299999999072,"failureMessages":[],"meta":{}},{"ancestorTitles":["Phase 4 — Benchmark: Full Pipeline (Classifier → Guard → Redaction)"],"fullName":"Phase 4 — Benchmark: Full Pipeline (Classifier → Guard → Redaction) setup","status":"passed","title":"setup","duration":0.19900000000052387,"failureMessages":[],"meta":{}},{"ancestorTitles":["Phase 4 — Benchmark: Full Pipeline (Classifier → Guard → Redaction)"],"fullName":"Phase 4 — Benchmark: Full Pipeline (Classifier → Guard → Redaction) pipeline — normal request","status":"passed","title":"pipeline — normal request","duration":3.405300000000352,"failureMessages":[],"meta":{}},{"ancestorTitles":["Phase 4 — Benchmark: Full Pipeline (Classifier → Guard → Redaction)"],"fullName":"Phase 4 — Benchmark: Full Pipeline (Classifier → Guard → Redaction) pipeline — PII request (LOCAL_ONLY)","status":"passed","title":"pipeline — PII request (LOCAL_ONLY)","duration":1.0007000000005064,"failureMessages":[],"meta":{}}],"startTime":1779076046627,"endTime":1779076059726.0007,"status":"passed","message":"","name":"C:/Users/ligua/Desktop/AI项目/trustos/TrustOS/tests/benchmark/phase4-benchmark.test.ts"},{"assertionResults":[{"ancestorTitles":["LM-01: 明确 revision → direct_artifact_revision"],"fullName":"LM-01: 明确 revision → direct_artifact_revision should route \"把按钮改成蓝色\" to direct_artifact_revision with activeArtifact","status":"passed","title":"should route \"把按钮改成蓝色\" to direct_artifact_revision with activeArtifact","duration":2.571300000000008,"failureMessages":[],"meta":{}},{"ancestorTitles":["LM-01: 明确 revision → direct_artifact_revision"],"fullName":"LM-01: 明确 revision → direct_artifact_revision should route \"标题改大一点\" to direct_artifact_revision with activeArtifact","status":"passed","title":"should route \"标题改大一点\" to direct_artifact_revision with activeArtifact","duration":0.45029999999997017,"failureMessages":[],"meta":{}},{"ancestorTitles":["LM-02: 明确 create → direct_create_artifact"],"fullName":"LM-02: 明确 create → direct_create_artifact should route \"帮我写一个注册页\" to direct_create_artifact","status":"passed","title":"should route \"帮我写一个注册页\" to direct_create_artifact","duration":0.9107999999999947,"failureMessages":[],"meta":{}},{"ancestorTitles":["LM-02: 明确 create → direct_create_artifact"],"fullName":"LM-02: 明确 create → direct_create_artifact should route \"帮我写一个新的登录页面\" to direct_create_artifact","status":"passed","title":"should route \"帮我写一个新的登录页面\" to direct_create_artifact","duration":0.4772000000000389,"failureMessages":[],"meta":{}},{"ancestorTitles":["LM-03: activeArtifact 存在但‘再写注册页’不误判 revision"],"fullName":"LM-03: activeArtifact 存在但‘再写注册页’不误判 revision should NOT route \"再帮我写一个注册页\" as revision even with activeArtifact","status":"passed","title":"should NOT route \"再帮我写一个注册页\" as revision even with activeArtifact","duration":1.2338000000000306,"failureMessages":[],"meta":{}},{"ancestorTitles":["LM-03: activeArtifact 存在但‘再写注册页’不误判 revision"],"fullName":"LM-03: activeArtifact 存在但‘再写注册页’不误判 revision should NOT route \"新建一个页面\" as revision even with activeArtifact","status":"passed","title":"should NOT route \"新建一个页面\" as revision even with activeArtifact","duration":0.5415999999999599,"failureMessages":[],"meta":{}},{"ancestorTitles":["LM-04: 模糊请求 → manager_llm_fallback"],"fullName":"LM-04: 模糊请求 → manager_llm_fallback should route \"你好\" to manager_llm_fallback","status":"passed","title":"should route \"你好\" to manager_llm_fallback","duration":0.3873999999999569,"failureMessages":[],"meta":{}},{"ancestorTitles":["LM-04: 模糊请求 → manager_llm_fallback"],"fullName":"LM-04: 模糊请求 → manager_llm_fallback should route \"什么是量子计算\" to manager_llm_fallback","status":"passed","title":"should route \"什么是量子计算\" to manager_llm_fallback","duration":0.3002999999999929,"failureMessages":[],"meta":{}},{"ancestorTitles":["LM-05: local security allowArtifactToManager=false"],"fullName":"LM-05: local security allowArtifactToManager=false should NEVER allow artifact to Manager in any scenario","status":"passed","title":"should NEVER allow artifact to Manager in any scenario","duration":0.4479999999999791,"failureMessages":[],"meta":{}},{"ancestorTitles":["LM-06: local security allowRawHistoryToWorker=false"],"fullName":"LM-06: local security allowRawHistoryToWorker=false should NEVER allow raw history to Worker","status":"passed","title":"should NEVER allow raw history to Worker","duration":0.4451999999999998,"failureMessages":[],"meta":{}},{"ancestorTitles":["LM-07: revision patchFirstEligible=true"],"fullName":"LM-07: revision patchFirstEligible=true should set patchFirstEligible=true for \"把按钮改成蓝色\"","status":"passed","title":"should set patchFirstEligible=true for \"把按钮改成蓝色\"","duration":0.22719999999998208,"failureMessages":[],"meta":{}},{"ancestorTitles":["LM-07: revision patchFirstEligible=true"],"fullName":"LM-07: revision patchFirstEligible=true should set patchFirstEligible=true for \"标题改大一点\"","status":"passed","title":"should set patchFirstEligible=true for \"标题改大一点\"","duration":0.2399000000000342,"failureMessages":[],"meta":{}},{"ancestorTitles":["LM-08: create patchFirstEligible=false"],"fullName":"LM-08: create patchFirstEligible=false should set patchFirstEligible=false for \"帮我写一个注册页\"","status":"passed","title":"should set patchFirstEligible=false for \"帮我写一个注册页\"","duration":0.25679999999999836,"failureMessages":[],"meta":{}},{"ancestorTitles":["LM-08: create patchFirstEligible=false"],"fullName":"LM-08: create patchFirstEligible=false should set patchFirstEligible=false for \"再帮我写一个注册页\" with activeArtifact","status":"passed","title":"should set patchFirstEligible=false for \"再帮我写一个注册页\" with activeArtifact","duration":0.24669999999997572,"failureMessages":[],"meta":{}},{"ancestorTitles":["LM-09: decisionMs 有记录"],"fullName":"LM-09: decisionMs 有记录 should record decisionMs > 0","status":"passed","title":"should record decisionMs > 0","duration":0.3521000000000072,"failureMessages":[],"meta":{}},{"ancestorTitles":["LM-10: managerLlmBypassed 字段正确"],"fullName":"LM-10: managerLlmBypassed 字段正确 should have managerLlmRequired=false (bypassed) for revision","status":"passed","title":"should have managerLlmRequired=false (bypassed) for revision","duration":0.1922999999999888,"failureMessages":[],"meta":{}},{"ancestorTitles":["LM-10: managerLlmBypassed 字段正确"],"fullName":"LM-10: managerLlmBypassed 字段正确 should have managerLlmRequired=true (not bypassed) for fuzzy query","status":"passed","title":"should have managerLlmRequired=true (not bypassed) for fuzzy query","duration":0.18319999999999936,"failureMessages":[],"meta":{}}],"startTime":1779076046972,"endTime":1779076046983.352,"status":"passed","message":"","name":"C:/Users/ligua/Desktop/AI项目/trustos/TrustOS/tests/manager/local-manager-runtime.test.ts"},{"assertionResults":[{"ancestorTitles":["BM-01: 低于 requestBudget → allow"],"fullName":"BM-01: 低于 requestBudget → allow cheap model with default budget should be allowed","status":"passed","title":"cheap model with default budget should be allowed","duration":4.122999999999934,"failureMessages":[],"meta":{}},{"ancestorTitles":["BM-02: pricingUnknown → ask_user_confirm"],"fullName":"BM-02: pricingUnknown → ask_user_confirm unknown model with ALLOW_UNKNOWN_PRICING=false should ask_user_confirm","status":"passed","title":"unknown model with ALLOW_UNKNOWN_PRICING=false should ask_user_confirm","duration":0.818300000000022,"failureMessages":[],"meta":{}},{"ancestorTitles":["BM-02: pricingUnknown → ask_user_confirm"],"fullName":"BM-02: pricingUnknown → ask_user_confirm unknown model with ALLOW_UNKNOWN_PRICING=true should allow","status":"passed","title":"unknown model with ALLOW_UNKNOWN_PRICING=true should allow","duration":0.5697999999999865,"failureMessages":[],"meta":{}},{"ancestorTitles":["BM-03: 超预算但有 fallback model → downgrade_model"],"fullName":"BM-03: 超预算但有 fallback model → downgrade_model gpt-4o with tiny budget and no patch eligible should downgrade to gpt-4o-mini","status":"passed","title":"gpt-4o with tiny budget and no patch eligible should downgrade to gpt-4o-mini","duration":0.8621000000000549,"failureMessages":[],"meta":{}},{"ancestorTitles":["BM-03: 超预算但有 fallback model → downgrade_model"],"fullName":"BM-03: 超预算但有 fallback model → downgrade_model DeepSeek-V3 with tiny budget should downgrade to DeepSeek-V4-Flash","status":"passed","title":"DeepSeek-V3 with tiny budget should downgrade to DeepSeek-V4-Flash","duration":0.4796999999999798,"failureMessages":[],"meta":{}},{"ancestorTitles":["BM-04: 超过 2x requestBudget 且无 fallback → block"],"fullName":"BM-04: 超过 2x requestBudget 且无 fallback → block cheap model that is significantly over budget with no fallback should block","status":"passed","title":"cheap model that is significantly over budget with no fallback should block","duration":0.6194999999999027,"failureMessages":[],"meta":{}},{"ancestorTitles":["BM-05: patchFirstEligible=true → prefer_patch"],"fullName":"BM-05: patchFirstEligible=true → prefer_patch over budget revision with patchFirstEligible should prefer_patch","status":"passed","title":"over budget revision with patchFirstEligible should prefer_patch","duration":0.5583000000000311,"failureMessages":[],"meta":{}},{"ancestorTitles":["BM-06: sessionBudget 剩余不足 → block"],"fullName":"BM-06: sessionBudget 剩余不足 → block when sessionBudget is exhausted, should block even if requestBudget is fine","status":"passed","title":"when sessionBudget is exhausted, should block even if requestBudget is fine","duration":0.4662999999999329,"failureMessages":[],"meta":{}},{"ancestorTitles":["BM-07: decisionMs 有记录"],"fullName":"BM-07: decisionMs 有记录 decision should record decisionMs >= 0","status":"passed","title":"decision should record decisionMs >= 0","duration":0.4353999999999587,"failureMessages":[],"meta":{}},{"ancestorTitles":["BM-08: estimatedInputTokens 从 inputBytes 推导"],"fullName":"BM-08: estimatedInputTokens 从 inputBytes 推导 should derive estimatedInputTokens from inputBytes (ceil(inputBytes/4))","status":"passed","title":"should derive estimatedInputTokens from inputBytes (ceil(inputBytes/4))","duration":0.4678000000000111,"failureMessages":[],"meta":{}},{"ancestorTitles":["BM-08: estimatedInputTokens 从 inputBytes 推导"],"fullName":"BM-08: estimatedInputTokens 从 inputBytes 推导 should use estimatedInputTokens directly if provided","status":"passed","title":"should use estimatedInputTokens directly if provided","duration":0.28680000000008476,"failureMessages":[],"meta":{}},{"ancestorTitles":["BM-09: estimatedOutputTokens 按 create/revision/manager 推导"],"fullName":"BM-09: estimatedOutputTokens 按 create/revision/manager 推导 manager role should use lower outputToken estimate (800)","status":"passed","title":"manager role should use lower outputToken estimate (800)","duration":0.4053000000000111,"failureMessages":[],"meta":{}},{"ancestorTitles":["BM-09: estimatedOutputTokens 按 create/revision/manager 推导"],"fullName":"BM-09: estimatedOutputTokens 按 create/revision/manager 推导 revision + patchFirst should use lower outputToken estimate (300)","status":"passed","title":"revision + patchFirst should use lower outputToken estimate (300)","duration":0.2839000000000169,"failureMessages":[],"meta":{}},{"ancestorTitles":["BM-09: estimatedOutputTokens 按 create/revision/manager 推导"],"fullName":"BM-09: estimatedOutputTokens 按 create/revision/manager 推导 create should use higher outputToken estimate (1500)","status":"passed","title":"create should use higher outputToken estimate (1500)","duration":0.2519999999999527,"failureMessages":[],"meta":{}},{"ancestorTitles":["BM-09: estimatedOutputTokens 按 create/revision/manager 推导"],"fullName":"BM-09: estimatedOutputTokens 按 create/revision/manager 推导 custom estimatedOutputTokens should override default","status":"passed","title":"custom estimatedOutputTokens should override default","duration":0.2639000000000351,"failureMessages":[],"meta":{}},{"ancestorTitles":["BM-10: unknown pricing 不返回 estimatedCostUsd=0"],"fullName":"BM-10: unknown pricing 不返回 estimatedCostUsd=0 unknown pricing should return estimatedCostUsd=null, NOT 0","status":"passed","title":"unknown pricing should return estimatedCostUsd=null, NOT 0","duration":1.1763999999999442,"failureMessages":[],"meta":{}},{"ancestorTitles":["BM-11: TRUSTOS_BUDGET_MANAGER_ENABLED=false → allow"],"fullName":"BM-11: TRUSTOS_BUDGET_MANAGER_ENABLED=false → allow disabled budget manager should allow everything","status":"passed","title":"disabled budget manager should allow everything","duration":0.4472000000000662,"failureMessages":[],"meta":{}}],"startTime":1779076046512,"endTime":1779076046526.4473,"status":"passed","message":"","name":"C:/Users/ligua/Desktop/AI项目/trustos/TrustOS/tests/budget/budget-manager.test.ts"},{"assertionResults":[{"ancestorTitles":["MT-01: 找到 fallbackModel"],"fullName":"MT-01: 找到 fallbackModel gpt-4o (reasoning) has fallbackModel gpt-4o-mini","status":"passed","title":"gpt-4o (reasoning) has fallbackModel gpt-4o-mini","duration":2.624500000000012,"failureMessages":[],"meta":{}},{"ancestorTitles":["MT-01: 找到 fallbackModel"],"fullName":"MT-01: 找到 fallbackModel deepseek-ai/DeepSeek-V3 (standard) has fallbackModel deepseek-ai/DeepSeek-V4-Flash","status":"passed","title":"deepseek-ai/DeepSeek-V3 (standard) has fallbackModel deepseek-ai/DeepSeek-V4-Flash","duration":0.40529999999995425,"failureMessages":[],"meta":{}},{"ancestorTitles":["MT-01: 找到 fallbackModel"],"fullName":"MT-01: 找到 fallbackModel Qwen/Qwen2.5-72B-Instruct has fallbackModel deepseek-ai/DeepSeek-V4-Flash","status":"passed","title":"Qwen/Qwen2.5-72B-Instruct has fallbackModel deepseek-ai/DeepSeek-V4-Flash","duration":0.28230000000002065,"failureMessages":[],"meta":{}},{"ancestorTitles":["MT-01: 找到 fallbackModel"],"fullName":"MT-01: 找到 fallbackModel claude-3-5-sonnet has fallbackModel claude-3-haiku","status":"passed","title":"claude-3-5-sonnet has fallbackModel claude-3-haiku","duration":0.25569999999999027,"failureMessages":[],"meta":{}},{"ancestorTitles":["MT-01: 找到 fallbackModel"],"fullName":"MT-01: 找到 fallbackModel DeepSeek-R1 (reasoning) has fallbackModel DeepSeek-V3","status":"passed","title":"DeepSeek-R1 (reasoning) has fallbackModel DeepSeek-V3","duration":0.2588999999999828,"failureMessages":[],"meta":{}},{"ancestorTitles":["MT-02: cheap model 不降级"],"fullName":"MT-02: cheap model 不降级 deepseek-ai/DeepSeek-V4-Flash (cheap) has no fallbackModel","status":"passed","title":"deepseek-ai/DeepSeek-V4-Flash (cheap) has no fallbackModel","duration":0.2880000000000109,"failureMessages":[],"meta":{}},{"ancestorTitles":["MT-02: cheap model 不降级"],"fullName":"MT-02: cheap model 不降级 gpt-3.5-turbo (cheap) has no fallbackModel","status":"passed","title":"gpt-3.5-turbo (cheap) has no fallbackModel","duration":0.1974999999999909,"failureMessages":[],"meta":{}},{"ancestorTitles":["MT-02: cheap model 不降级"],"fullName":"MT-02: cheap model 不降级 Qwen/Qwen2.5-7B-Instruct (cheap) has no fallbackModel","status":"passed","title":"Qwen/Qwen2.5-7B-Instruct (cheap) has no fallbackModel","duration":0.2300000000000182,"failureMessages":[],"meta":{}},{"ancestorTitles":["MT-03: manager reasoning model 可降级到 cheap/standard"],"fullName":"MT-03: manager reasoning model 可降级到 cheap/standard gpt-4o tier is reasoning","status":"passed","title":"gpt-4o tier is reasoning","duration":0.28480000000001837,"failureMessages":[],"meta":{}},{"ancestorTitles":["MT-03: manager reasoning model 可降级到 cheap/standard"],"fullName":"MT-03: manager reasoning model 可降级到 cheap/standard gpt-4o-mini tier is standard","status":"passed","title":"gpt-4o-mini tier is standard","duration":0.22520000000002938,"failureMessages":[],"meta":{}},{"ancestorTitles":["MT-03: manager reasoning model 可降级到 cheap/standard"],"fullName":"MT-03: manager reasoning model 可降级到 cheap/standard deepseek-ai/DeepSeek-V4-Flash tier is cheap","status":"passed","title":"deepseek-ai/DeepSeek-V4-Flash tier is cheap","duration":0.23210000000000264,"failureMessages":[],"meta":{}},{"ancestorTitles":["MT-03: manager reasoning model 可降级到 cheap/standard"],"fullName":"MT-03: manager reasoning model 可降级到 cheap/standard isCheaperThan: cheap < standard","status":"passed","title":"isCheaperThan: cheap < standard","duration":0.23859999999996262,"failureMessages":[],"meta":{}},{"ancestorTitles":["MT-03: manager reasoning model 可降级到 cheap/standard"],"fullName":"MT-03: manager reasoning model 可降级到 cheap/standard isCheaperThan: standard < reasoning","status":"passed","title":"isCheaperThan: standard < reasoning","duration":0.16880000000003292,"failureMessages":[],"meta":{}},{"ancestorTitles":["MT-03: manager reasoning model 可降级到 cheap/standard"],"fullName":"MT-03: manager reasoning model 可降级到 cheap/standard isCheaperThan: cheap NOT cheaper than cheap","status":"passed","title":"isCheaperThan: cheap NOT cheaper than cheap","duration":0.13769999999999527,"failureMessages":[],"meta":{}},{"ancestorTitles":["MT-04: 未知模型返回 undefined"],"fullName":"MT-04: 未知模型返回 undefined unknown-model has no tier","status":"passed","title":"unknown-model has no tier","duration":0.2504999999999882,"failureMessages":[],"meta":{}},{"ancestorTitles":["MT-04: 未知模型返回 undefined"],"fullName":"MT-04: 未知模型返回 undefined unknown-model has no fallback","status":"passed","title":"unknown-model has no fallback","duration":0.19699999999994589,"failureMessages":[],"meta":{}}],"startTime":1779076047744,"endTime":1779076047751.2505,"status":"passed","message":"","name":"C:/Users/ligua/Desktop/AI项目/trustos/TrustOS/tests/budget/model-tiers.test.ts"},{"assertionResults":[{"ancestorTitles":["PA-01: replace — 唯一命中成功"],"fullName":"PA-01: replace — 唯一命中成功 replace 单条命中，ok=true，appliedOperations=1","status":"passed","title":"replace 单条命中，ok=true，appliedOperations=1","duration":4.110799999999983,"failureMessages":[],"meta":{}},{"ancestorTitles":["PA-01: replace — 唯一命中成功"],"fullName":"PA-01: replace — 唯一命中成功 replace 多条操作全部成功","status":"passed","title":"replace 多条操作全部成功","duration":0.7156999999999698,"failureMessages":[],"meta":{}},{"ancestorTitles":["PA-02: find 未命中失败"],"fullName":"PA-02: find 未命中失败 patch 全部操作 find 未命中 → ok=false","status":"passed","title":"patch 全部操作 find 未命中 → ok=false","duration":0.5144999999999982,"failureMessages":[],"meta":{}},{"ancestorTitles":["PA-02: find 未命中失败"],"fullName":"PA-02: find 未命中失败 部分操作 find 未命中 → ok=false，已应用的需回退","status":"passed","title":"部分操作 find 未命中 → ok=false，已应用的需回退","duration":0.40219999999999345,"failureMessages":[],"meta":{}},{"ancestorTitles":["PA-03: find 多次命中失败"],"fullName":"PA-03: find 多次命中失败 find 字符串在 source 中出现 2 次 → error","status":"passed","title":"find 字符串在 source 中出现 2 次 → error","duration":0.342899999999986,"failureMessages":[],"meta":{}},{"ancestorTitles":["PA-04: insert_after 成功"],"fullName":"PA-04: insert_after 成功 在指定字符串后插入","status":"passed","title":"在指定字符串后插入","duration":0.44319999999999027,"failureMessages":[],"meta":{}},{"ancestorTitles":["PA-05: insert_before 成功"],"fullName":"PA-05: insert_before 成功 在指定字符串前插入","status":"passed","title":"在指定字符串前插入","duration":1.1456999999999766,"failureMessages":[],"meta":{}},{"ancestorTitles":["PA-06: patch 后 content 非空"],"fullName":"PA-06: patch 后 content 非空 replace 替换为空字符串 → content 非空（原有其他内容）","status":"passed","title":"replace 替换为空字符串 → content 非空（原有其他内容）","duration":0.2939999999999827,"failureMessages":[],"meta":{}},{"ancestorTitles":["PA-07: metrics 正确"],"fullName":"PA-07: metrics 正确 成功 patch 返回正确的 sourceBytes/outputBytes","status":"passed","title":"成功 patch 返回正确的 sourceBytes/outputBytes","duration":1.2894999999999754,"failureMessages":[],"meta":{}}],"startTime":1779076047392,"endTime":1779076047403.2896,"status":"passed","message":"","name":"C:/Users/ligua/Desktop/AI项目/trustos/TrustOS/tests/patch/patch-applier.test.ts"},{"assertionResults":[{"ancestorTitles":["PB-01: 按钮改蓝色 → patchable=true"],"fullName":"PB-01: 按钮改蓝色 → patchable=true 把按钮改成蓝色","status":"passed","title":"把按钮改成蓝色","duration":2.2320000000000277,"failureMessages":[],"meta":{}},{"ancestorTitles":["PB-01: 按钮改蓝色 → patchable=true"],"fullName":"PB-01: 按钮改蓝色 → patchable=true 将按钮变为蓝色","status":"passed","title":"将按钮变为蓝色","duration":0.39400000000000546,"failureMessages":[],"meta":{}},{"ancestorTitles":["PB-02: 标题改大一点 → patchable=true"],"fullName":"PB-02: 标题改大一点 → patchable=true 把标题改大一点","status":"passed","title":"把标题改大一点","duration":0.295599999999979,"failureMessages":[],"meta":{}},{"ancestorTitles":["PB-02: 标题改大一点 → patchable=true"],"fullName":"PB-02: 标题改大一点 → patchable=true 标题字号调大","status":"passed","title":"标题字号调大","duration":0.24049999999999727,"failureMessages":[],"meta":{}},{"ancestorTitles":["PB-03: 再帮我写注册页 → patchable=false"],"fullName":"PB-03: 再帮我写注册页 → patchable=false 再帮我写注册页是新建，不是修订","status":"passed","title":"再帮我写注册页是新建，不是修订","duration":0.4107999999999947,"failureMessages":[],"meta":{}},{"ancestorTitles":["PB-04: 大改动 → patchable=false"],"fullName":"PB-04: 大改动 → patchable=false 重构整个页面","status":"passed","title":"重构整个页面","duration":0.3524999999999636,"failureMessages":[],"meta":{}},{"ancestorTitles":["PB-04: 大改动 → patchable=false"],"fullName":"PB-04: 大改动 → patchable=false 重新设计页面布局","status":"passed","title":"重新设计页面布局","duration":0.2888999999999555,"failureMessages":[],"meta":{}},{"ancestorTitles":["PB-04: 大改动 → patchable=false"],"fullName":"PB-04: 大改动 → patchable=false 添加完整购物车系统","status":"passed","title":"添加完整购物车系统","duration":0.17629999999996926,"failureMessages":[],"meta":{}},{"ancestorTitles":["PB-04: 大改动 → patchable=false"],"fullName":"PB-04: 大改动 → patchable=false 做成电商网站","status":"passed","title":"做成电商网站","duration":0.2126999999999839,"failureMessages":[],"meta":{}},{"ancestorTitles":["PB-05: 非 patchable 关键词 → fallback false"],"fullName":"PB-05: 非 patchable 关键词 → fallback false 写一个天气预报组件","status":"passed","title":"写一个天气预报组件","duration":0.2259000000000242,"failureMessages":[],"meta":{}},{"ancestorTitles":["PB-05: 非 patchable 关键词 → fallback false"],"fullName":"PB-05: 非 patchable 关键词 → fallback false 帮我优化性能","status":"passed","title":"帮我优化性能","duration":0.1893000000000029,"failureMessages":[],"meta":{}},{"ancestorTitles":["PB-06: 完整新建场景 patchable=false"],"fullName":"PB-06: 完整新建场景 patchable=false 帮我写一个 React 登录页（不含小修订关键词）","status":"passed","title":"帮我写一个 React 登录页（不含小修订关键词）","duration":0.15699999999998226,"failureMessages":[],"meta":{}},{"ancestorTitles":["PB-06: 完整新建场景 patchable=false"],"fullName":"PB-06: 完整新建场景 patchable=false 新增用户管理页面含表格和搜索","status":"passed","title":"新增用户管理页面含表格和搜索","duration":0.15369999999995798,"failureMessages":[],"meta":{}}],"startTime":1779076047582,"endTime":1779076047589.157,"status":"passed","message":"","name":"C:/Users/ligua/Desktop/AI项目/trustos/TrustOS/tests/patch/patchability.test.ts"},{"assertionResults":[{"ancestorTitles":["FIELD_CLASSIFICATION"],"fullName":"FIELD_CLASSIFICATION 覆盖所有已知表的所有字段","status":"passed","title":"覆盖所有已知表的所有字段","duration":3.2433000000000334,"failureMessages":[],"meta":{}},{"ancestorTitles":["FIELD_CLASSIFICATION"],"fullName":"FIELD_CLASSIFICATION 没有字段被遗漏分类（每条记录都有分类值）","status":"passed","title":"没有字段被遗漏分类（每条记录都有分类值）","duration":5.963199999999972,"failureMessages":[],"meta":{}},{"ancestorTitles":["getFieldClassification()"],"fullName":"getFieldClassification() task_commands.user_preference_summary → strictly_private","status":"passed","title":"task_commands.user_preference_summary → strictly_private","duration":0.3534999999999968,"failureMessages":[],"meta":{}},{"ancestorTitles":["getFieldClassification()"],"fullName":"getFieldClassification() task_commands.task → confidential","status":"passed","title":"task_commands.task → confidential","duration":0.26919999999995525,"failureMessages":[],"meta":{}},{"ancestorTitles":["getFieldClassification()"],"fullName":"getFieldClassification() task_commands.action → internal","status":"passed","title":"task_commands.action → internal","duration":0.19710000000003447,"failureMessages":[],"meta":{}},{"ancestorTitles":["getFieldClassification()"],"fullName":"getFieldClassification() delegation_archives.user_id → strictly_private","status":"passed","title":"delegation_archives.user_id → strictly_private","duration":0.38929999999999154,"failureMessages":[],"meta":{}},{"ancestorTitles":["getFieldClassification()"],"fullName":"getFieldClassification() delegation_archives.original_message → confidential","status":"passed","title":"delegation_archives.original_message → confidential","duration":0.2045999999999708,"failureMessages":[],"meta":{}},{"ancestorTitles":["getFieldClassification()"],"fullName":"getFieldClassification() memory_entries.user_id → strictly_private","status":"passed","title":"memory_entries.user_id → strictly_private","duration":0.2078999999999951,"failureMessages":[],"meta":{}},{"ancestorTitles":["getFieldClassification()"],"fullName":"getFieldClassification() memory_entries.content → confidential","status":"passed","title":"memory_entries.content → confidential","duration":0.25209999999998445,"failureMessages":[],"meta":{}},{"ancestorTitles":["getFieldClassification()"],"fullName":"getFieldClassification() task_archives.task_id → public","status":"passed","title":"task_archives.task_id → public","duration":0.20490000000000919,"failureMessages":[],"meta":{}},{"ancestorTitles":["getFieldClassification()"],"fullName":"getFieldClassification() task_worker_results.result → internal","status":"passed","title":"task_worker_results.result → internal","duration":0.16709999999994807,"failureMessages":[],"meta":{}},{"ancestorTitles":["getFieldClassification()"],"fullName":"getFieldClassification() 未知字段 → internal（保守默认）","status":"passed","title":"未知字段 → internal（保守默认）","duration":0.16849999999999454,"failureMessages":[],"meta":{}},{"ancestorTitles":["getSensitiveFields()"],"fullName":"getSensitiveFields() task_commands 有 sensitive 字段","status":"passed","title":"task_commands 有 sensitive 字段","duration":0.4707000000000221,"failureMessages":[],"meta":{}},{"ancestorTitles":["getSensitiveFields()"],"fullName":"getSensitiveFields() delegation_archives 有 sensitive 字段","status":"passed","title":"delegation_archives 有 sensitive 字段","duration":0.24439999999998463,"failureMessages":[],"meta":{}},{"ancestorTitles":["getSensitiveFields()"],"fullName":"getSensitiveFields() task_worker_results 无 sensitive 字段（全为 internal/public）","status":"passed","title":"task_worker_results 无 sensitive 字段（全为 internal/public）","duration":0.6653999999999769,"failureMessages":[],"meta":{}},{"ancestorTitles":["getStrictlyPrivateFields()"],"fullName":"getStrictlyPrivateFields() 返回所有 strictly_private 字段","status":"passed","title":"返回所有 strictly_private 字段","duration":0.5080999999999563,"failureMessages":[],"meta":{}},{"ancestorTitles":["getStrictlyPrivateFields()"],"fullName":"getStrictlyPrivateFields() user_id 相关字段大多数是 strictly_private","status":"passed","title":"user_id 相关字段大多数是 strictly_private","duration":0.38450000000000273,"failureMessages":[],"meta":{}},{"ancestorTitles":["buildClassificationMap()"],"fullName":"buildClassificationMap() 返回与 FIELD_CLASSIFICATION 等价的 Record","status":"passed","title":"返回与 FIELD_CLASSIFICATION 等价的 Record","duration":0.21460000000001855,"failureMessages":[],"meta":{}},{"ancestorTitles":["buildClassificationMap()"],"fullName":"buildClassificationMap() 返回的是副本，不影响原始常量","status":"passed","title":"返回的是副本，不影响原始常量","duration":0.65949999999998,"failureMessages":[],"meta":{}}],"startTime":1779076047528,"endTime":1779076047544.6594,"status":"passed","message":"","name":"C:/Users/ligua/Desktop/AI项目/trustos/TrustOS/tests/trust/field-classification.test.ts"},{"assertionResults":[{"ancestorTitles":["TrustPolicyEngine","check()"],"fullName":"TrustPolicyEngine check() 无规则时默认 deny（fail-closed）","status":"passed","title":"无规则时默认 deny（fail-closed）","duration":1.0738000000000056,"failureMessages":[],"meta":{}},{"ancestorTitles":["TrustPolicyEngine","check()"],"fullName":"TrustPolicyEngine check() 无规则时配置 failOpen=true 则返回 allow","status":"passed","title":"无规则时配置 failOpen=true 则返回 allow","duration":0.1897000000000162,"failureMessages":[],"meta":{}},{"ancestorTitles":["TrustPolicyEngine","check()"],"fullName":"TrustPolicyEngine check() 按规则注册顺序，第一个匹配规则决定结果","status":"passed","title":"按规则注册顺序，第一个匹配规则决定结果","duration":0.1873000000000502,"failureMessages":[],"meta":{}},{"ancestorTitles":["TrustPolicyEngine","check()"],"fullName":"TrustPolicyEngine check() 规则 condition 抛异常时跳过该规则，继续评估下一条","status":"passed","title":"规则 condition 抛异常时跳过该规则，继续评估下一条","duration":0.18420000000003256,"failureMessages":[],"meta":{}},{"ancestorTitles":["TrustPolicyEngine","check()"],"fullName":"TrustPolicyEngine check() 返回结果包含 ruleId 和 classification","status":"passed","title":"返回结果包含 ruleId 和 classification","duration":0.15589999999997417,"failureMessages":[],"meta":{}},{"ancestorTitles":["TrustPolicyEngine","check()"],"fullName":"TrustPolicyEngine check() deny 决策包含 reason 字段","status":"passed","title":"deny 决策包含 reason 字段","duration":0.27690000000006876,"failureMessages":[],"meta":{}},{"ancestorTitles":["TrustPolicyEngine","check()"],"fullName":"TrustPolicyEngine check() ask_user 决策包含 prompt 字段","status":"passed","title":"ask_user 决策包含 prompt 字段","duration":0.15499999999997272,"failureMessages":[],"meta":{}},{"ancestorTitles":["TrustPolicyEngine","check()"],"fullName":"TrustPolicyEngine check() verbose 模式打印日志","status":"passed","title":"verbose 模式打印日志","duration":0.5967000000000553,"failureMessages":[],"meta":{}},{"ancestorTitles":["TrustPolicyEngine","checkAll()"],"fullName":"TrustPolicyEngine checkAll() 批量评估返回每个请求的结果数组","status":"passed","title":"批量评估返回每个请求的结果数组","duration":0.7643000000000484,"failureMessages":[],"meta":{}},{"ancestorTitles":["TrustPolicyEngine","checkAll()"],"fullName":"TrustPolicyEngine checkAll() 批量评估遇到 deny 时不提前退出","status":"passed","title":"批量评估遇到 deny 时不提前退出","duration":0.18000000000006366,"failureMessages":[],"meta":{}},{"ancestorTitles":["TrustPolicyEngine","addRule() / clearRules()"],"fullName":"TrustPolicyEngine addRule() / clearRules() addRule 追加新规则","status":"passed","title":"addRule 追加新规则","duration":0.20069999999998345,"failureMessages":[],"meta":{}},{"ancestorTitles":["TrustPolicyEngine","addRule() / clearRules()"],"fullName":"TrustPolicyEngine addRule() / clearRules() clearRules 清空所有规则","status":"passed","title":"clearRules 清空所有规则","duration":0.1633000000000493,"failureMessages":[],"meta":{}},{"ancestorTitles":["SourceBasedClassifier"],"fullName":"SourceBasedClassifier 按 source 字段返回对应分类","status":"passed","title":"按 source 字段返回对应分类","duration":0.21450000000004366,"failureMessages":[],"meta":{}},{"ancestorTitles":["SourceBasedClassifier"],"fullName":"SourceBasedClassifier 无对应 source 时按 dataType 推断","status":"passed","title":"无对应 source 时按 dataType 推断","duration":0.12569999999993797,"failureMessages":[],"meta":{}},{"ancestorTitles":["SourceBasedClassifier"],"fullName":"SourceBasedClassifier addRule 追加规则","status":"passed","title":"addRule 追加规则","duration":0.10239999999998872,"failureMessages":[],"meta":{}},{"ancestorTitles":["inferClassification()"],"fullName":"inferClassification() password / token / apikey → strictly_private","status":"passed","title":"password / token / apikey → strictly_private","duration":0.31159999999999854,"failureMessages":[],"meta":{}},{"ancestorTitles":["inferClassification()"],"fullName":"inferClassification() email / phone → strictly_private","status":"passed","title":"email / phone → strictly_private","duration":0.1714000000000624,"failureMessages":[],"meta":{}},{"ancestorTitles":["inferClassification()"],"fullName":"inferClassification() preference / bias → confidential","status":"passed","title":"preference / bias → confidential","duration":0.32779999999991105,"failureMessages":[],"meta":{}},{"ancestorTitles":["inferClassification()"],"fullName":"inferClassification() result / summary / analysis → internal（作为路径片段时）","status":"passed","title":"result / summary / analysis → internal（作为路径片段时）","duration":0.36180000000001655,"failureMessages":[],"meta":{}},{"ancestorTitles":["inferClassification()"],"fullName":"inferClassification() 纯字段名 result → public","status":"passed","title":"纯字段名 result → public","duration":0.1634000000000242,"failureMessages":[],"meta":{}},{"ancestorTitles":["inferClassification()"],"fullName":"inferClassification() 未知字段默认 internal","status":"passed","title":"未知字段默认 internal","duration":0.11810000000002674,"failureMessages":[],"meta":{}},{"ancestorTitles":["defaultClassificationForDataType()"],"fullName":"defaultClassificationForDataType() user_message → confidential","status":"passed","title":"user_message → confidential","duration":0.11579999999992197,"failureMessages":[],"meta":{}},{"ancestorTitles":["defaultClassificationForDataType()"],"fullName":"defaultClassificationForDataType() memory → confidential","status":"passed","title":"memory → confidential","duration":0.0906999999999698,"failureMessages":[],"meta":{}},{"ancestorTitles":["defaultClassificationForDataType()"],"fullName":"defaultClassificationForDataType() command → internal","status":"passed","title":"command → internal","duration":0.14440000000001874,"failureMessages":[],"meta":{}},{"ancestorTitles":["defaultClassificationForDataType()"],"fullName":"defaultClassificationForDataType() task_archive → internal","status":"passed","title":"task_archive → internal","duration":0.13660000000004402,"failureMessages":[],"meta":{}},{"ancestorTitles":["defaultClassificationForDataType()"],"fullName":"defaultClassificationForDataType() result → internal","status":"passed","title":"result → internal","duration":0.08590000000003783,"failureMessages":[],"meta":{}},{"ancestorTitles":["默认规则集（DEFAULT_POLICY_RULES）"],"fullName":"默认规则集（DEFAULT_POLICY_RULES） strictly_private → slow_worker → deny","status":"passed","title":"strictly_private → slow_worker → deny","duration":0.20180000000004839,"failureMessages":[],"meta":{}},{"ancestorTitles":["默认规则集（DEFAULT_POLICY_RULES）"],"fullName":"默认规则集（DEFAULT_POLICY_RULES） confidential → slow_worker → ask_user","status":"passed","title":"confidential → slow_worker → ask_user","duration":0.10810000000003583,"failureMessages":[],"meta":{}},{"ancestorTitles":["默认规则集（DEFAULT_POLICY_RULES）"],"fullName":"默认规则集（DEFAULT_POLICY_RULES） internal → slow_worker → allow","status":"passed","title":"internal → slow_worker → allow","duration":0.15480000000002292,"failureMessages":[],"meta":{}},{"ancestorTitles":["默认规则集（DEFAULT_POLICY_RULES）"],"fullName":"默认规则集（DEFAULT_POLICY_RULES） result → user → allow（无隐私风险）","status":"passed","title":"result → user → allow（无隐私风险）","duration":0.10360000000002856,"failureMessages":[],"meta":{}},{"ancestorTitles":["默认规则集（DEFAULT_POLICY_RULES）"],"fullName":"默认规则集（DEFAULT_POLICY_RULES） fast_manager → 无需检查，直接 allow","status":"passed","title":"fast_manager → 无需检查，直接 allow","duration":0.07510000000002037,"failureMessages":[],"meta":{}},{"ancestorTitles":["默认规则集（DEFAULT_POLICY_RULES）"],"fullName":"默认规则集（DEFAULT_POLICY_RULES） external_api → ask_user","status":"passed","title":"external_api → ask_user","duration":0.17650000000003274,"failureMessages":[],"meta":{}},{"ancestorTitles":["默认规则集（DEFAULT_POLICY_RULES）"],"fullName":"默认规则集（DEFAULT_POLICY_RULES） confidential → user → deny（fail-closed，无明确放行规则）","status":"passed","title":"confidential → user → deny（fail-closed，无明确放行规则）","duration":0.07929999999998927,"failureMessages":[],"meta":{}}],"startTime":1779076046469,"endTime":1779076046478.0793,"status":"passed","message":"","name":"C:/Users/ligua/Desktop/AI项目/trustos/TrustOS/tests/trust/policy-engine.test.ts"},{"assertionResults":[{"ancestorTitles":["BUILTIN_REDACTORS","email"],"fullName":"BUILTIN_REDACTORS email 正常邮箱脱敏","status":"passed","title":"正常邮箱脱敏","duration":2.505200000000002,"failureMessages":[],"meta":{}},{"ancestorTitles":["BUILTIN_REDACTORS","email"],"fullName":"BUILTIN_REDACTORS email 非字符串返回原值","status":"passed","title":"非字符串返回原值","duration":0.570699999999988,"failureMessages":[],"meta":{}},{"ancestorTitles":["BUILTIN_REDACTORS","phone"],"fullName":"BUILTIN_REDACTORS phone 手机号脱敏，保留后4位","status":"passed","title":"手机号脱敏，保留后4位","duration":0.5439000000000078,"failureMessages":[],"meta":{}},{"ancestorTitles":["BUILTIN_REDACTORS","name"],"fullName":"BUILTIN_REDACTORS name 中文姓名脱敏","status":"passed","title":"中文姓名脱敏","duration":0.5716999999999643,"failureMessages":[],"meta":{}},{"ancestorTitles":["BUILTIN_REDACTORS","name"],"fullName":"BUILTIN_REDACTORS name 英文姓名脱敏，保留首字母","status":"passed","title":"英文姓名脱敏，保留首字母","duration":0.4625000000000341,"failureMessages":[],"meta":{}},{"ancestorTitles":["BUILTIN_REDACTORS","mask"],"fullName":"BUILTIN_REDACTORS mask 通用遮罩，保留首字符","status":"passed","title":"通用遮罩，保留首字符","duration":0.6259999999999764,"failureMessages":[],"meta":{}},{"ancestorTitles":["BUILTIN_REDACTORS","money"],"fullName":"BUILTIN_REDACTORS money 数量级泛化","status":"passed","title":"数量级泛化","duration":0.5766000000000417,"failureMessages":[],"meta":{}},{"ancestorTitles":["Sanitizer.sanitize()"],"fullName":"Sanitizer.sanitize() 无 transforms 时返回原数据","status":"passed","title":"无 transforms 时返回原数据","duration":1.2568999999999733,"failureMessages":[],"meta":{}},{"ancestorTitles":["Sanitizer.sanitize()","redact"],"fullName":"Sanitizer.sanitize() redact 删除顶层字段","status":"passed","title":"删除顶层字段","duration":0.5789000000000328,"failureMessages":[],"meta":{}},{"ancestorTitles":["Sanitizer.sanitize()","redact"],"fullName":"Sanitizer.sanitize() redact 删除嵌套字段","status":"passed","title":"删除嵌套字段","duration":0.6673000000000116,"failureMessages":[],"meta":{}},{"ancestorTitles":["Sanitizer.sanitize()","redact"],"fullName":"Sanitizer.sanitize() redact 删除数组元素中的字段","status":"passed","title":"删除数组元素中的字段","duration":0.6484000000000378,"failureMessages":[],"meta":{}},{"ancestorTitles":["Sanitizer.sanitize()","redact"],"fullName":"Sanitizer.sanitize() redact 原始对象不变","status":"passed","title":"原始对象不变","duration":0.33499999999997954,"failureMessages":[],"meta":{}},{"ancestorTitles":["Sanitizer.sanitize()","mask"],"fullName":"Sanitizer.sanitize() mask 默认 * 遮罩，保留首字符","status":"passed","title":"默认 * 遮罩，保留首字符","duration":0.419399999999996,"failureMessages":[],"meta":{}},{"ancestorTitles":["Sanitizer.sanitize()","mask"],"fullName":"Sanitizer.sanitize() mask 自定义遮罩字符","status":"passed","title":"自定义遮罩字符","duration":0.3406999999999698,"failureMessages":[],"meta":{}},{"ancestorTitles":["Sanitizer.sanitize()","mask"],"fullName":"Sanitizer.sanitize() mask 嵌套遮罩","status":"passed","title":"嵌套遮罩","duration":0.3340000000000032,"failureMessages":[],"meta":{}},{"ancestorTitles":["Sanitizer.sanitize()","generalize"],"fullName":"Sanitizer.sanitize() generalize 日期泛化为年","status":"passed","title":"日期泛化为年","duration":0.5246999999999957,"failureMessages":[],"meta":{}},{"ancestorTitles":["Sanitizer.sanitize()","generalize"],"fullName":"Sanitizer.sanitize() generalize 未知值泛化为标记","status":"passed","title":"未知值泛化为标记","duration":0.36129999999997153,"failureMessages":[],"meta":{}},{"ancestorTitles":["Sanitizer.sanitize()","replace"],"fullName":"Sanitizer.sanitize() replace 替换为指定值","status":"passed","title":"替换为指定值","duration":0.3416000000000281,"failureMessages":[],"meta":{}},{"ancestorTitles":["Sanitizer.sanitize()","replace"],"fullName":"Sanitizer.sanitize() replace 替换为 null","status":"passed","title":"替换为 null","duration":0.21630000000004657,"failureMessages":[],"meta":{}},{"ancestorTitles":["Sanitizer.sanitize()","组合多个 transform"],"fullName":"Sanitizer.sanitize() 组合多个 transform 按顺序执行多个 transform","status":"passed","title":"按顺序执行多个 transform","duration":0.304300000000012,"failureMessages":[],"meta":{}},{"ancestorTitles":["Sanitizer.detectPII()"],"fullName":"Sanitizer.detectPII() 检测 email 字段","status":"passed","title":"检测 email 字段","duration":1.5731999999999857,"failureMessages":[],"meta":{}},{"ancestorTitles":["Sanitizer.detectPII()"],"fullName":"Sanitizer.detectPII() 检测 phone 字段","status":"passed","title":"检测 phone 字段","duration":0.4626999999999839,"failureMessages":[],"meta":{}},{"ancestorTitles":["Sanitizer.detectPII()"],"fullName":"Sanitizer.detectPII() 检测 password 字段","status":"passed","title":"检测 password 字段","duration":0.435799999999972,"failureMessages":[],"meta":{}},{"ancestorTitles":["Sanitizer.detectPII()"],"fullName":"Sanitizer.detectPII() 无 PII 时返回空数组","status":"passed","title":"无 PII 时返回空数组","duration":0.33310000000000173,"failureMessages":[],"meta":{}},{"ancestorTitles":["Sanitizer.detectPII()"],"fullName":"Sanitizer.detectPII() 嵌套对象递归检测","status":"passed","title":"嵌套对象递归检测","duration":0.4127000000000294,"failureMessages":[],"meta":{}},{"ancestorTitles":["Sanitizer.register()"],"fullName":"Sanitizer.register() 可注册自定义 redactor","status":"passed","title":"可注册自定义 redactor","duration":0.3199000000000183,"failureMessages":[],"meta":{}},{"ancestorTitles":["defaultSanitizer"],"fullName":"defaultSanitizer 单例可用","status":"passed","title":"单例可用","duration":0.22939999999999827,"failureMessages":[],"meta":{}}],"startTime":1779076047011,"endTime":1779076047029.4126,"status":"passed","message":"","name":"C:/Users/ligua/Desktop/AI项目/trustos/TrustOS/tests/trust/sanitizer.test.ts"},{"assertionResults":[{"ancestorTitles":["FeedbackEventRepo.save — row writes"],"fullName":"FeedbackEventRepo.save — row writes auto-generates a UUID id on insert","status":"failed","title":"auto-generates a UUID id on insert","duration":1756.3746,"failureMessages":["AssertionError: expected 5 to be 1 // Object.is equality\n    at C:\\Users\\ligua\\Desktop\\AI项目\\trustos\\TrustOS\\tests\\db\\feedback-event-repo.test.ts:43:25\n    at processTicksAndRejections (node:internal/process/task_queues:104:5)\n    at file:///C:/Users/ligua/Desktop/AI%E9%A1%B9%E7%9B%AE/trustos/TrustOS/node_modules/@vitest/runner/dist/index.js:533:5\n    at runTest (file:///C:/Users/ligua/Desktop/AI%E9%A1%B9%E7%9B%AE/trustos/TrustOS/node_modules/@vitest/runner/dist/index.js:1056:11)\n    at runSuite (file:///C:/Users/ligua/Desktop/AI%E9%A1%B9%E7%9B%AE/trustos/TrustOS/node_modules/@vitest/runner/dist/index.js:1205:15)\n    at runSuite (file:///C:/Users/ligua/Desktop/AI%E9%A1%B9%E7%9B%AE/trustos/TrustOS/node_modules/@vitest/runner/dist/index.js:1205:15)\n    at runFiles (file:///C:/Users/ligua/Desktop/AI%E9%A1%B9%E7%9B%AE/trustos/TrustOS/node_modules/@vitest/runner/dist/index.js:1262:5)\n    at startTests (file:///C:/Users/ligua/Desktop/AI%E9%A1%B9%E7%9B%AE/trustos/TrustOS/node_modules/@vitest/runner/dist/index.js:1271:3)\n    at file:///C:/Users/ligua/Desktop/AI%E9%A1%B9%E7%9B%AE/trustos/TrustOS/node_modules/vitest/dist/chunks/runBaseTests.3qpJUEJM.js:126:11\n    at withEnv (file:///C:/Users/ligua/Desktop/AI%E9%A1%B9%E7%9B%AE/trustos/TrustOS/node_modules/vitest/dist/chunks/runBaseTests.3qpJUEJM.js:90:5)"],"meta":{}},{"ancestorTitles":["FeedbackEventRepo.save — row writes"],"fullName":"FeedbackEventRepo.save — row writes stores decision_id, user_id, event_type correctly","status":"passed","title":"stores decision_id, user_id, event_type correctly","duration":633.6136999999999,"failureMessages":[],"meta":{}},{"ancestorTitles":["FeedbackEventRepo.save — row writes"],"fullName":"FeedbackEventRepo.save — row writes thumbs_up → signal_level=1","status":"passed","title":"thumbs_up → signal_level=1","duration":595.2042999999999,"failureMessages":[],"meta":{}},{"ancestorTitles":["FeedbackEventRepo.save — row writes"],"fullName":"FeedbackEventRepo.save — row writes thumbs_down → signal_level=1","status":"passed","title":"thumbs_down → signal_level=1","duration":661.5662000000002,"failureMessages":[],"meta":{}},{"ancestorTitles":["FeedbackEventRepo.save — row writes"],"fullName":"FeedbackEventRepo.save — row writes follow_up_thanks → signal_level=2","status":"passed","title":"follow_up_thanks → signal_level=2","duration":586.768,"failureMessages":[],"meta":{}},{"ancestorTitles":["FeedbackEventRepo.save — row writes"],"fullName":"FeedbackEventRepo.save — row writes follow_up_doubt → signal_level=2","status":"passed","title":"follow_up_doubt → signal_level=2","duration":628.7385999999997,"failureMessages":[],"meta":{}},{"ancestorTitles":["FeedbackEventRepo.save — row writes"],"fullName":"FeedbackEventRepo.save — row writes regenerated → signal_level=3","status":"passed","title":"regenerated → signal_level=3","duration":609.5445,"failureMessages":[],"meta":{}},{"ancestorTitles":["FeedbackEventRepo.save — row writes"],"fullName":"FeedbackEventRepo.save — row writes edited → signal_level=3","status":"passed","title":"edited → signal_level=3","duration":598.7130999999999,"failureMessages":[],"meta":{}},{"ancestorTitles":["FeedbackEventRepo.save — row writes"],"fullName":"FeedbackEventRepo.save — row writes accepted → signal_level=1","status":"passed","title":"accepted → signal_level=1","duration":595.0728000000008,"failureMessages":[],"meta":{}},{"ancestorTitles":["FeedbackEventRepo.save — row writes"],"fullName":"FeedbackEventRepo.save — row writes unknown event_type defaults to signal_level=3, source=system","status":"passed","title":"unknown event_type defaults to signal_level=3, source=system","duration":658.612799999999,"failureMessages":[],"meta":{}},{"ancestorTitles":["FeedbackEventRepo.save — row writes"],"fullName":"FeedbackEventRepo.save — row writes thumbs_up → source=ui","status":"passed","title":"thumbs_up → source=ui","duration":808.2227999999996,"failureMessages":[],"meta":{}},{"ancestorTitles":["FeedbackEventRepo.save — row writes"],"fullName":"FeedbackEventRepo.save — row writes thumbs_down → source=ui","status":"passed","title":"thumbs_down → source=ui","duration":613.4754000000012,"failureMessages":[],"meta":{}},{"ancestorTitles":["FeedbackEventRepo.save — row writes"],"fullName":"FeedbackEventRepo.save — row writes follow_up_thanks → source=auto_detect","status":"passed","title":"follow_up_thanks → source=auto_detect","duration":641.8511999999992,"failureMessages":[],"meta":{}},{"ancestorTitles":["FeedbackEventRepo.save — row writes"],"fullName":"FeedbackEventRepo.save — row writes follow_up_doubt → source=auto_detect","status":"passed","title":"follow_up_doubt → source=auto_detect","duration":821.5931,"failureMessages":[],"meta":{}},{"ancestorTitles":["FeedbackEventRepo.save — row writes"],"fullName":"FeedbackEventRepo.save — row writes regenerated → source=auto_detect","status":"passed","title":"regenerated → source=auto_detect","duration":592.1029999999992,"failureMessages":[],"meta":{}},{"ancestorTitles":["FeedbackEventRepo.save — row writes"],"fullName":"FeedbackEventRepo.save — row writes edited → source=system","status":"passed","title":"edited → source=system","duration":667.2587999999996,"failureMessages":[],"meta":{}},{"ancestorTitles":["FeedbackEventRepo.save — row writes"],"fullName":"FeedbackEventRepo.save — row writes accepted → source=system","status":"passed","title":"accepted → source=system","duration":804.9030000000002,"failureMessages":[],"meta":{}},{"ancestorTitles":["FeedbackEventRepo.save — row writes"],"fullName":"FeedbackEventRepo.save — row writes stores rawData as JSONB when provided","status":"passed","title":"stores rawData as JSONB when provided","duration":745.8575000000001,"failureMessages":[],"meta":{}},{"ancestorTitles":["FeedbackEventRepo.save — row writes"],"fullName":"FeedbackEventRepo.save — row writes stores raw_data as NULL when rawData is omitted","status":"passed","title":"stores raw_data as NULL when rawData is omitted","duration":1100.676800000001,"failureMessages":[],"meta":{}},{"ancestorTitles":["FeedbackEventRepo.save — row writes"],"fullName":"FeedbackEventRepo.save — row writes handles complex nested rawData object","status":"passed","title":"handles complex nested rawData object","duration":1513.3520000000008,"failureMessages":[],"meta":{}},{"ancestorTitles":["FeedbackEventRepo.save — row writes"],"fullName":"FeedbackEventRepo.save — row writes can write multiple events for different decisions without conflict","status":"passed","title":"can write multiple events for different decisions without conflict","duration":2500.5198999999993,"failureMessages":[],"meta":{}},{"ancestorTitles":["FeedbackEventRepo.save — row writes"],"fullName":"FeedbackEventRepo.save — row writes can write multiple events for the same decision_id (different users)","status":"passed","title":"can write multiple events for the same decision_id (different users)","duration":615.1932000000015,"failureMessages":[],"meta":{}},{"ancestorTitles":["FeedbackEventRepo.getByDecisionIds — batch retrieval"],"fullName":"FeedbackEventRepo.getByDecisionIds — batch retrieval returns empty Map when given an empty array","status":"passed","title":"returns empty Map when given an empty array","duration":1325.916699999998,"failureMessages":[],"meta":{}},{"ancestorTitles":["FeedbackEventRepo.getByDecisionIds — batch retrieval"],"fullName":"FeedbackEventRepo.getByDecisionIds — batch retrieval returns empty Map when no events exist for the given decision IDs","status":"passed","title":"returns empty Map when no events exist for the given decision IDs","duration":1368.6814999999988,"failureMessages":[],"meta":{}},{"ancestorTitles":["FeedbackEventRepo.getByDecisionIds — batch retrieval"],"fullName":"FeedbackEventRepo.getByDecisionIds — batch retrieval returns Map with correct signal_level for each event","status":"passed","title":"returns Map with correct signal_level for each event","duration":1391.8480999999992,"failureMessages":[],"meta":{}},{"ancestorTitles":["FeedbackEventRepo.getByDecisionIds — batch retrieval"],"fullName":"FeedbackEventRepo.getByDecisionIds — batch retrieval filters by user_id — does not return events from other users","status":"passed","title":"filters by user_id — does not return events from other users","duration":1463.8498,"failureMessages":[],"meta":{}},{"ancestorTitles":["FeedbackEventRepo.getByDecisionIds — batch retrieval"],"fullName":"FeedbackEventRepo.getByDecisionIds — batch retrieval decision_id not in the requested list is NOT returned","status":"passed","title":"decision_id not in the requested list is NOT returned","duration":1410.1954000000005,"failureMessages":[],"meta":{}},{"ancestorTitles":["FeedbackEventRepo.getByDecisionIds — batch retrieval"],"fullName":"FeedbackEventRepo.getByDecisionIds — batch retrieval multiple events for same decision_id: lowest signal_level (most trustworthy) wins","status":"passed","title":"multiple events for same decision_id: lowest signal_level (most trustworthy) wins","duration":1194.6880999999994,"failureMessages":[],"meta":{}},{"ancestorTitles":["FeedbackEventRepo.getByDecisionIds — batch retrieval"],"fullName":"FeedbackEventRepo.getByDecisionIds — batch retrieval multiple events for same decision_id: when all are L2/L3, lowest number wins","status":"passed","title":"multiple events for same decision_id: when all are L2/L3, lowest number wins","duration":1437.3804000000018,"failureMessages":[],"meta":{}},{"ancestorTitles":["FeedbackEventRepo.getByDecisionIds — batch retrieval"],"fullName":"FeedbackEventRepo.getByDecisionIds — batch retrieval handles 50+ decision IDs in a single call","status":"failed","title":"handles 50+ decision IDs in a single call","duration":5699.919099999999,"failureMessages":["Error: Test timed out in 5000ms.\nIf this is a long-running test, pass a timeout value as the last argument or configure it globally with \"testTimeout\".\n    at Timeout.<anonymous> (file:///C:/Users/ligua/Desktop/AI%E9%A1%B9%E7%9B%AE/trustos/TrustOS/node_modules/@vitest/runner/dist/index.js:44:18)\n    at listOnTimeout (node:internal/timers:605:17)\n    at processTimers (node:internal/timers:541:7)"],"meta":{}},{"ancestorTitles":["FeedbackEventRepo.getByDecisionIds — batch retrieval"],"fullName":"FeedbackEventRepo.getByDecisionIds — batch retrieval returns Map with all signal levels represented correctly","status":"failed","title":"returns Map with all signal levels represented correctly","duration":3577.640299999999,"failureMessages":["AssertionError: expected 3 to be 1 // Object.is equality\n    at C:\\Users\\ligua\\Desktop\\AI项目\\trustos\\TrustOS\\tests\\db\\feedback-event-repo.test.ts:270:36\n    at processTicksAndRejections (node:internal/process/task_queues:104:5)\n    at file:///C:/Users/ligua/Desktop/AI%E9%A1%B9%E7%9B%AE/trustos/TrustOS/node_modules/@vitest/runner/dist/index.js:533:5\n    at runTest (file:///C:/Users/ligua/Desktop/AI%E9%A1%B9%E7%9B%AE/trustos/TrustOS/node_modules/@vitest/runner/dist/index.js:1056:11)\n    at runSuite (file:///C:/Users/ligua/Desktop/AI%E9%A1%B9%E7%9B%AE/trustos/TrustOS/node_modules/@vitest/runner/dist/index.js:1205:15)\n    at runSuite (file:///C:/Users/ligua/Desktop/AI%E9%A1%B9%E7%9B%AE/trustos/TrustOS/node_modules/@vitest/runner/dist/index.js:1205:15)\n    at runFiles (file:///C:/Users/ligua/Desktop/AI%E9%A1%B9%E7%9B%AE/trustos/TrustOS/node_modules/@vitest/runner/dist/index.js:1262:5)\n    at startTests (file:///C:/Users/ligua/Desktop/AI%E9%A1%B9%E7%9B%AE/trustos/TrustOS/node_modules/@vitest/runner/dist/index.js:1271:3)\n    at file:///C:/Users/ligua/Desktop/AI%E9%A1%B9%E7%9B%AE/trustos/TrustOS/node_modules/vitest/dist/chunks/runBaseTests.3qpJUEJM.js:126:11\n    at withEnv (file:///C:/Users/ligua/Desktop/AI%E9%A1%B9%E7%9B%AE/trustos/TrustOS/node_modules/vitest/dist/chunks/runBaseTests.3qpJUEJM.js:90:5)"],"meta":{}},{"ancestorTitles":["FeedbackEventRepo — save + getByDecisionIds integration"],"fullName":"FeedbackEventRepo — save + getByDecisionIds integration save then getByDecisionIds reflects the written data","status":"passed","title":"save then getByDecisionIds reflects the written data","duration":1835.391499999998,"failureMessages":[],"meta":{}},{"ancestorTitles":["FeedbackEventRepo — save + getByDecisionIds integration"],"fullName":"FeedbackEventRepo — save + getByDecisionIds integration getByDecisionIds returns only events matching both user_id AND decision_id","status":"failed","title":"getByDecisionIds returns only events matching both user_id AND decision_id","duration":3585.5669999999955,"failureMessages":["AssertionError: expected +0 to be 2 // Object.is equality\n    at C:\\Users\\ligua\\Desktop\\AI项目\\trustos\\TrustOS\\tests\\db\\feedback-event-repo.test.ts:308:25\n    at processTicksAndRejections (node:internal/process/task_queues:104:5)\n    at file:///C:/Users/ligua/Desktop/AI%E9%A1%B9%E7%9B%AE/trustos/TrustOS/node_modules/@vitest/runner/dist/index.js:533:5\n    at runTest (file:///C:/Users/ligua/Desktop/AI%E9%A1%B9%E7%9B%AE/trustos/TrustOS/node_modules/@vitest/runner/dist/index.js:1056:11)\n    at runSuite (file:///C:/Users/ligua/Desktop/AI%E9%A1%B9%E7%9B%AE/trustos/TrustOS/node_modules/@vitest/runner/dist/index.js:1205:15)\n    at runSuite (file:///C:/Users/ligua/Desktop/AI%E9%A1%B9%E7%9B%AE/trustos/TrustOS/node_modules/@vitest/runner/dist/index.js:1205:15)\n    at runFiles (file:///C:/Users/ligua/Desktop/AI%E9%A1%B9%E7%9B%AE/trustos/TrustOS/node_modules/@vitest/runner/dist/index.js:1262:5)\n    at startTests (file:///C:/Users/ligua/Desktop/AI%E9%A1%B9%E7%9B%AE/trustos/TrustOS/node_modules/@vitest/runner/dist/index.js:1271:3)\n    at file:///C:/Users/ligua/Desktop/AI%E9%A1%B9%E7%9B%AE/trustos/TrustOS/node_modules/vitest/dist/chunks/runBaseTests.3qpJUEJM.js:126:11\n    at withEnv (file:///C:/Users/ligua/Desktop/AI%E9%A1%B9%E7%9B%AE/trustos/TrustOS/node_modules/vitest/dist/chunks/runBaseTests.3qpJUEJM.js:90:5)"],"meta":{}}],"startTime":1779076047294,"endTime":1779076090335.567,"status":"failed","message":"","name":"C:/Users/ligua/Desktop/AI项目/trustos/TrustOS/tests/db/feedback-event-repo.test.ts"},{"assertionResults":[{"ancestorTitles":["setSlowExecution: JSONB merge patch 语义"],"fullName":"setSlowExecution: JSONB merge patch 语义 SE-01: 初始写入 traceId，后续写入 result/usage 后 traceId 仍存在","status":"passed","title":"SE-01: 初始写入 traceId，后续写入 result/usage 后 traceId 仍存在","duration":4.636900000000026,"failureMessages":[],"meta":{}},{"ancestorTitles":["setSlowExecution: JSONB merge patch 语义"],"fullName":"setSlowExecution: JSONB merge patch 语义 SE-02: 连续多次 merge patch 均不丢失 traceId","status":"passed","title":"SE-02: 连续多次 merge patch 均不丢失 traceId","duration":0.5552000000000135,"failureMessages":[],"meta":{}},{"ancestorTitles":["setSlowExecution: JSONB merge patch 语义"],"fullName":"setSlowExecution: JSONB merge patch 语义 SE-03: jsonb || 语义 — 右侧显式 null 会覆盖左侧（上层必须避免传 { traceId: null }）","status":"passed","title":"SE-03: jsonb || 语义 — 右侧显式 null 会覆盖左侧（上层必须避免传 { traceId: null }）","duration":0.3830000000000382,"failureMessages":[],"meta":{}},{"ancestorTitles":["setSlowExecution: JSONB merge patch 语义"],"fullName":"setSlowExecution: JSONB merge patch 语义 SE-04: Worker usage 字段完整性 — 所有 Ledger 需要的字段必须存在","status":"passed","title":"SE-04: Worker usage 字段完整性 — 所有 Ledger 需要的字段必须存在","duration":0.4061999999999557,"failureMessages":[],"meta":{}},{"ancestorTitles":["setSlowExecution: JSONB merge patch 语义"],"fullName":"setSlowExecution: JSONB merge patch 语义 SE-05: 无 traceId 的旧 archive 不会因 merge patch 产生 traceId","status":"passed","title":"SE-05: 无 traceId 的旧 archive 不会因 merge patch 产生 traceId","duration":0.4086000000000354,"failureMessages":[],"meta":{}}],"startTime":1779076047342,"endTime":1779076047348.4087,"status":"passed","message":"","name":"C:/Users/ligua/Desktop/AI项目/trustos/TrustOS/tests/db/task-archive-slow-execution.test.ts"},{"assertionResults":[{"ancestorTitles":["CircuitBreaker","initial state"],"fullName":"CircuitBreaker initial state should start in closed state","status":"passed","title":"should start in closed state","duration":2.028500000000008,"failureMessages":[],"meta":{}},{"ancestorTitles":["CircuitBreaker","initial state"],"fullName":"CircuitBreaker initial state should have zero failure count","status":"passed","title":"should have zero failure count","duration":0.5255999999999972,"failureMessages":[],"meta":{}},{"ancestorTitles":["CircuitBreaker","execute"],"fullName":"CircuitBreaker execute should return result on success","status":"passed","title":"should return result on success","duration":0.4855999999999767,"failureMessages":[],"meta":{}},{"ancestorTitles":["CircuitBreaker","execute"],"fullName":"CircuitBreaker execute should throw on failure and increment failure count","status":"passed","title":"should throw on failure and increment failure count","duration":2.3903999999999996,"failureMessages":[],"meta":{}},{"ancestorTitles":["CircuitBreaker","execute"],"fullName":"CircuitBreaker execute should not call errorHandler on success","status":"passed","title":"should not call errorHandler on success","duration":1.6036000000000286,"failureMessages":[],"meta":{}},{"ancestorTitles":["CircuitBreaker","execute"],"fullName":"CircuitBreaker execute should call errorHandler on failure","status":"passed","title":"should call errorHandler on failure","duration":2.312599999999975,"failureMessages":[],"meta":{}},{"ancestorTitles":["CircuitBreaker","circuit opening"],"fullName":"CircuitBreaker circuit opening should open after reaching failure threshold","status":"passed","title":"should open after reaching failure threshold","duration":2.2413999999999987,"failureMessages":[],"meta":{}},{"ancestorTitles":["CircuitBreaker","circuit opening"],"fullName":"CircuitBreaker circuit opening should throw CircuitBreakerError when open","status":"passed","title":"should throw CircuitBreakerError when open","duration":1.5441000000000145,"failureMessages":[],"meta":{}},{"ancestorTitles":["CircuitBreaker","half-open state"],"fullName":"CircuitBreaker half-open state should have correct initial stats","status":"passed","title":"should have correct initial stats","duration":0.42559999999997444,"failureMessages":[],"meta":{}},{"ancestorTitles":["CircuitBreaker","half-open state"],"fullName":"CircuitBreaker half-open state should track failure time when open","status":"passed","title":"should track failure time when open","duration":1.210300000000018,"failureMessages":[],"meta":{}},{"ancestorTitles":["CircuitBreaker","reset"],"fullName":"CircuitBreaker reset should reset all state","status":"passed","title":"should reset all state","duration":1.0378000000000043,"failureMessages":[],"meta":{}},{"ancestorTitles":["CircuitBreaker","forceOpen/forceClose"],"fullName":"CircuitBreaker forceOpen/forceClose should force open the circuit","status":"passed","title":"should force open the circuit","duration":0.24579999999997426,"failureMessages":[],"meta":{}},{"ancestorTitles":["CircuitBreaker","forceOpen/forceClose"],"fullName":"CircuitBreaker forceOpen/forceClose should force close the circuit","status":"passed","title":"should force close the circuit","duration":0.20639999999997372,"failureMessages":[],"meta":{}},{"ancestorTitles":["retryWithBackoff"],"fullName":"retryWithBackoff should return result on first success","status":"passed","title":"should return result on first success","duration":0.7921000000000049,"failureMessages":[],"meta":{}},{"ancestorTitles":["retryWithBackoff"],"fullName":"retryWithBackoff should retry on failure up to max retries","status":"passed","title":"should retry on failure up to max retries","duration":37.221000000000004,"failureMessages":[],"meta":{}},{"ancestorTitles":["retryWithBackoff"],"fullName":"retryWithBackoff should throw after exhausting retries","status":"passed","title":"should throw after exhausting retries","duration":33.387899999999945,"failureMessages":[],"meta":{}},{"ancestorTitles":["retryWithBackoff"],"fullName":"retryWithBackoff should call onRetry callback on each retry","status":"passed","title":"should call onRetry callback on each retry","duration":12.340599999999995,"failureMessages":[],"meta":{}}],"startTime":1779076047159,"endTime":1779076047261.3406,"status":"passed","message":"","name":"C:/Users/ligua/Desktop/AI项目/trustos/TrustOS/tests/services/circuit-breaker.test.ts"},{"assertionResults":[{"ancestorTitles":["context-compressor","compressConversationHistory"],"fullName":"context-compressor compressConversationHistory should not compress short histories","status":"passed","title":"should not compress short histories","duration":2.4447999999999865,"failureMessages":[],"meta":{}},{"ancestorTitles":["context-compressor","compressConversationHistory"],"fullName":"context-compressor compressConversationHistory should compress long histories","status":"passed","title":"should compress long histories","duration":1.5454000000000292,"failureMessages":[],"meta":{}},{"ancestorTitles":["context-compressor","compressConversationHistory"],"fullName":"context-compressor compressConversationHistory should preserve code snippets","status":"passed","title":"should preserve code snippets","duration":0.40399999999999636,"failureMessages":[],"meta":{}},{"ancestorTitles":["context-compressor","compressConversationHistory"],"fullName":"context-compressor compressConversationHistory should generate summary for compressed histories","status":"passed","title":"should generate summary for compressed histories","duration":0.8541999999999916,"failureMessages":[],"meta":{}},{"ancestorTitles":["context-compressor","extractKeyInformation"],"fullName":"context-compressor extractKeyInformation should extract decisions","status":"passed","title":"should extract decisions","duration":0.8597000000000321,"failureMessages":[],"meta":{}},{"ancestorTitles":["context-compressor","extractKeyInformation"],"fullName":"context-compressor extractKeyInformation should extract facts","status":"passed","title":"should extract facts","duration":0.43120000000004666,"failureMessages":[],"meta":{}},{"ancestorTitles":["context-compressor","extractKeyInformation"],"fullName":"context-compressor extractKeyInformation should extract pending questions","status":"passed","title":"should extract pending questions","duration":0.3009000000000128,"failureMessages":[],"meta":{}},{"ancestorTitles":["context-compressor","extractKeyInformation"],"fullName":"context-compressor extractKeyInformation should not duplicate answered questions","status":"passed","title":"should not duplicate answered questions","duration":0.2936000000000263,"failureMessages":[],"meta":{}},{"ancestorTitles":["context-compressor","createCompressedContext"],"fullName":"context-compressor createCompressedContext should return context and info","status":"passed","title":"should return context and info","duration":0.6037000000000035,"failureMessages":[],"meta":{}}],"startTime":1779076047578,"endTime":1779076047586.6038,"status":"passed","message":"","name":"C:/Users/ligua/Desktop/AI项目/trustos/TrustOS/tests/services/context-compressor.test.ts"},{"assertionResults":[{"ancestorTitles":["context-package-builder","CP-01: create package 不包含 artifactContent"],"fullName":"context-package-builder CP-01: create package 不包含 artifactContent create package 的 targetArtifact 为 undefined","status":"passed","title":"create package 的 targetArtifact 为 undefined","duration":4.509500000000003,"failureMessages":[],"meta":{}},{"ancestorTitles":["context-package-builder","CP-02: create package 即使 activeArtifact 存在，也不发送 artifact"],"fullName":"context-package-builder CP-02: create package 即使 activeArtifact 存在，也不发送 artifact create 任务忽略 activeArtifact","status":"passed","title":"create 任务忽略 activeArtifact","duration":0.5978999999999814,"failureMessages":[],"meta":{}},{"ancestorTitles":["context-package-builder","CP-03: revision package 包含 targetArtifact"],"fullName":"context-package-builder CP-03: revision package 包含 targetArtifact revision 包有 targetArtifact","status":"passed","title":"revision 包有 targetArtifact","duration":0.7110000000000127,"failureMessages":[],"meta":{}},{"ancestorTitles":["context-package-builder","CP-04: revision package sendArtifactToWorker=true"],"fullName":"context-package-builder CP-04: revision package sendArtifactToWorker=true 有 artifact contentBytes 时 sendArtifactToWorker=true","status":"passed","title":"有 artifact contentBytes 时 sendArtifactToWorker=true","duration":0.3737000000000421,"failureMessages":[],"meta":{}},{"ancestorTitles":["context-package-builder","CP-05: revision package sendArtifactToManager=false"],"fullName":"context-package-builder CP-05: revision package sendArtifactToManager=false artifact 绝不发给 Manager","status":"passed","title":"artifact 绝不发给 Manager","duration":0.36360000000001946,"failureMessages":[],"meta":{}},{"ancestorTitles":["context-package-builder","CP-06: revision package deniedContext.rawHistory=true"],"fullName":"context-package-builder CP-06: revision package deniedContext.rawHistory=true rawHistory 永远被拒绝","status":"passed","title":"rawHistory 永远被拒绝","duration":0.43149999999997135,"failureMessages":[],"meta":{}},{"ancestorTitles":["context-package-builder","CP-07: manager_delegation package 不包含 rawMemory/rawHistory"],"fullName":"context-package-builder CP-07: manager_delegation package 不包含 rawMemory/rawHistory delegation 包拒绝 rawHistory 和 rawMemory","status":"passed","title":"delegation 包拒绝 rawHistory 和 rawMemory","duration":0.42950000000001864,"failureMessages":[],"meta":{}},{"ancestorTitles":["context-package-builder","CP-08: metrics.artifactContentBytes 正确"],"fullName":"context-package-builder CP-08: metrics.artifactContentBytes 正确 revision 包反映正确的 artifact 大小","status":"passed","title":"revision 包反映正确的 artifact 大小","duration":0.5378000000000043,"failureMessages":[],"meta":{}},{"ancestorTitles":["context-package-builder","CP-08: metrics.artifactContentBytes 正确"],"fullName":"context-package-builder CP-08: metrics.artifactContentBytes 正确 create 包 contentBytes 为 0","status":"passed","title":"create 包 contentBytes 为 0","duration":0.45810000000000173,"failureMessages":[],"meta":{}},{"ancestorTitles":["context-package-builder","contextPackageToLedgerExtract"],"fullName":"context-package-builder contextPackageToLedgerExtract 正确提取 ledger 摘要字段","status":"passed","title":"正确提取 ledger 摘要字段","duration":0.5110000000000241,"failureMessages":[],"meta":{}},{"ancestorTitles":["context-package-builder","kind 解析边界"],"fullName":"context-package-builder kind 解析边界 direct_artifact_revision → kind=artifact_revision","status":"passed","title":"direct_artifact_revision → kind=artifact_revision","duration":0.29879999999997153,"failureMessages":[],"meta":{}},{"ancestorTitles":["context-package-builder","kind 解析边界"],"fullName":"context-package-builder kind 解析边界 direct_create_artifact → kind=artifact_create","status":"passed","title":"direct_create_artifact → kind=artifact_create","duration":0.28129999999998745,"failureMessages":[],"meta":{}},{"ancestorTitles":["context-package-builder","kind 解析边界"],"fullName":"context-package-builder kind 解析边界 manager_llm_required → kind=manager_delegation","status":"passed","title":"manager_llm_required → kind=manager_delegation","duration":0.21649999999999636,"failureMessages":[],"meta":{}}],"startTime":1779076047039,"endTime":1779076047050.2988,"status":"passed","message":"","name":"C:/Users/ligua/Desktop/AI项目/trustos/TrustOS/tests/services/context-package-builder.test.ts"},{"assertionResults":[{"ancestorTitles":["context-package","WORKER_CONTEXT_BOUNDARY"],"fullName":"context-package WORKER_CONTEXT_BOUNDARY mustInclude 包含 command 和 message","status":"passed","title":"mustInclude 包含 command 和 message","duration":2.5534999999999854,"failureMessages":[],"meta":{}},{"ancestorTitles":["context-package","WORKER_CONTEXT_BOUNDARY"],"fullName":"context-package WORKER_CONTEXT_BOUNDARY forbidden 包含 rawHistory 和 userApiKey","status":"passed","title":"forbidden 包含 rawHistory 和 userApiKey","duration":0.39170000000001437,"failureMessages":[],"meta":{}},{"ancestorTitles":["context-package","buildWorkerContextPackage","full_delegation 模式"],"fullName":"context-package buildWorkerContextPackage full_delegation 模式 生成完整的 context package","status":"passed","title":"生成完整的 context package","duration":0.6718999999999369,"failureMessages":[],"meta":{}},{"ancestorTitles":["context-package","buildWorkerContextPackage","full_delegation 模式"],"fullName":"context-package buildWorkerContextPackage full_delegation 模式 full_delegation + activeArtifact 时标记为 revision 任务","status":"passed","title":"full_delegation + activeArtifact 时标记为 revision 任务","duration":0.1934999999999718,"failureMessages":[],"meta":{}},{"ancestorTitles":["context-package","buildWorkerContextPackage","bypass_revision 模式"],"fullName":"context-package buildWorkerContextPackage bypass_revision 模式 自动注入 revision userMessage 前缀","status":"passed","title":"自动注入 revision userMessage 前缀","duration":0.31199999999989814,"failureMessages":[],"meta":{}},{"ancestorTitles":["context-package","buildWorkerContextPackage","bypass_revision 模式"],"fullName":"context-package buildWorkerContextPackage bypass_revision 模式 英文模式下使用英文前缀","status":"passed","title":"英文模式下使用英文前缀","duration":0.22450000000003456,"failureMessages":[],"meta":{}},{"ancestorTitles":["context-package","buildWorkerContextPackage","bypass_create 模式"],"fullName":"context-package buildWorkerContextPackage bypass_create 模式 直接透传 userMessage，不加前缀","status":"passed","title":"直接透传 userMessage，不加前缀","duration":0.1733000000000402,"failureMessages":[],"meta":{}},{"ancestorTitles":["context-package","buildWorkerContextPackage","archived artifact"],"fullName":"context-package buildWorkerContextPackage archived artifact 传入 archive source 时 hasArchivedArtifact=true","status":"passed","title":"传入 archive source 时 hasArchivedArtifact=true","duration":0.21040000000004966,"failureMessages":[],"meta":{}},{"ancestorTitles":["context-package","buildWorkerContextPackage","archived artifact"],"fullName":"context-package buildWorkerContextPackage archived artifact 传入 unavailable source 时 hasArchivedArtifact=false","status":"passed","title":"传入 unavailable source 时 hasArchivedArtifact=false","duration":0.21730000000002292,"failureMessages":[],"meta":{}},{"ancestorTitles":["context-package","buildWorkerContextPackage","archived artifact"],"fullName":"context-package buildWorkerContextPackage archived artifact 不传 archivedArtifactSource 时 hasArchivedArtifact=false","status":"passed","title":"不传 archivedArtifactSource 时 hasArchivedArtifact=false","duration":0.17449999999996635,"failureMessages":[],"meta":{}},{"ancestorTitles":["context-package","buildWorkerContextPackage","metrics"],"fullName":"context-package buildWorkerContextPackage metrics 正确计算各字段长度","status":"passed","title":"正确计算各字段长度","duration":0.29919999999992797,"failureMessages":[],"meta":{}},{"ancestorTitles":["context-package","buildWorkerContextPackage","boundary 不变量"],"fullName":"context-package buildWorkerContextPackage boundary 不变量 V0 boundary 强制 false","status":"passed","title":"V0 boundary 强制 false","duration":0.17689999999993233,"failureMessages":[],"meta":{}},{"ancestorTitles":["context-package","buildWorkerContextPackage","revisionLineage"],"fullName":"context-package buildWorkerContextPackage revisionLineage activeArtifact 有 lineage 信息时填充","status":"passed","title":"activeArtifact 有 lineage 信息时填充","duration":0.19420000000002346,"failureMessages":[],"meta":{}},{"ancestorTitles":["context-package","buildWorkerContextPackage","taskTypeLabel"],"fullName":"context-package buildWorkerContextPackage taskTypeLabel 根据 command.task_type 返回中文标签","status":"passed","title":"根据 command.task_type 返回中文标签","duration":0.10130000000003747,"failureMessages":[],"meta":{}},{"ancestorTitles":["context-package","buildWorkerContextPackage","taskTypeLabel"],"fullName":"context-package buildWorkerContextPackage taskTypeLabel 未知 task_type 返回通用标签","status":"passed","title":"未知 task_type 返回通用标签","duration":0.1333999999999378,"failureMessages":[],"meta":{}},{"ancestorTitles":["context-package","toContextPackageRevisionSource"],"fullName":"context-package toContextPackageRevisionSource undefined → none","status":"passed","title":"undefined → none","duration":0.20730000000003201,"failureMessages":[],"meta":{}},{"ancestorTitles":["context-package","toContextPackageRevisionSource"],"fullName":"context-package toContextPackageRevisionSource archive source with content → archive","status":"passed","title":"archive source with content → archive","duration":0.32779999999991105,"failureMessages":[],"meta":{}},{"ancestorTitles":["context-package","toContextPackageRevisionSource"],"fullName":"context-package toContextPackageRevisionSource archive source without content → none","status":"passed","title":"archive source without content → none","duration":0.12209999999993215,"failureMessages":[],"meta":{}},{"ancestorTitles":["context-package","toContextPackageRevisionSource"],"fullName":"context-package toContextPackageRevisionSource unavailable → unavailable","status":"passed","title":"unavailable → unavailable","duration":0.09100000000000819,"failureMessages":[],"meta":{}},{"ancestorTitles":["context-package","toContextPackageRevisionSource"],"fullName":"context-package toContextPackageRevisionSource 无 content 的 archive → none（不是 unavailable）","status":"passed","title":"无 content 的 archive → none（不是 unavailable）","duration":0.098700000000008,"failureMessages":[],"meta":{}}],"startTime":1779076046444,"endTime":1779076046452.122,"status":"passed","message":"","name":"C:/Users/ligua/Desktop/AI项目/trustos/TrustOS/tests/services/context-package.test.ts"},{"assertionResults":[{"ancestorTitles":["translateError","network errors"],"fullName":"translateError network errors should translate ETIMEDOUT","status":"passed","title":"should translate ETIMEDOUT","duration":2.3806000000000154,"failureMessages":[],"meta":{}},{"ancestorTitles":["translateError","network errors"],"fullName":"translateError network errors should translate ECONNREFUSED","status":"passed","title":"should translate ECONNREFUSED","duration":0.5073999999999614,"failureMessages":[],"meta":{}},{"ancestorTitles":["translateError","HTTP errors"],"fullName":"translateError HTTP errors should translate 401 error","status":"passed","title":"should translate 401 error","duration":0.5063999999999851,"failureMessages":[],"meta":{}},{"ancestorTitles":["translateError","HTTP errors"],"fullName":"translateError HTTP errors should translate 429 rate limit","status":"passed","title":"should translate 429 rate limit","duration":0.5285000000000082,"failureMessages":[],"meta":{}},{"ancestorTitles":["translateError","HTTP errors"],"fullName":"translateError HTTP errors should translate 500 server error","status":"passed","title":"should translate 500 server error","duration":0.5087999999999511,"failureMessages":[],"meta":{}},{"ancestorTitles":["translateError","LLM errors"],"fullName":"translateError LLM errors should translate LLM timeout","status":"passed","title":"should translate LLM timeout","duration":0.5332000000000221,"failureMessages":[],"meta":{}},{"ancestorTitles":["translateError","LLM errors"],"fullName":"translateError LLM errors should translate circuit breaker open","status":"passed","title":"should translate circuit breaker open","duration":0.47750000000002046,"failureMessages":[],"meta":{}},{"ancestorTitles":["translateError","API errors"],"fullName":"translateError API errors should translate API key error","status":"passed","title":"should translate API key error","duration":0.5407999999999902,"failureMessages":[],"meta":{}},{"ancestorTitles":["translateError","API errors"],"fullName":"translateError API errors should translate token limit error","status":"passed","title":"should translate token limit error","duration":0.5591000000000008,"failureMessages":[],"meta":{}},{"ancestorTitles":["translateError","unknown errors"],"fullName":"translateError unknown errors should return default error for unknown errors","status":"passed","title":"should return default error for unknown errors","duration":0.5707999999999629,"failureMessages":[],"meta":{}},{"ancestorTitles":["translateError","unknown errors"],"fullName":"translateError unknown errors should handle non-Error objects","status":"passed","title":"should handle non-Error objects","duration":0.2890000000000441,"failureMessages":[],"meta":{}},{"ancestorTitles":["translateError","unknown errors"],"fu
[...]
"PGArchiveStorage","getById()"],"fullName":"PGArchiveStorage getById() returns null when no row found","status":"passed","title":"returns null when no row found","duration":0.23869999999999436,"failureMessages":[],"meta":{}},{"ancestorTitles":["PGArchiveStorage","getById()"],"fullName":"PGArchiveStorage getById() parses row correctly","status":"passed","title":"parses row correctly","duration":0.841600000000085,"failureMessages":[],"meta":{}},{"ancestorTitles":["PGArchiveStorage","getById()"],"fullName":"PGArchiveStorage getById() handles JSON fields correctly","status":"passed","title":"handles JSON fields correctly","duration":0.30100000000004457,"failureMessages":[],"meta":{}},{"ancestorTitles":["PGArchiveStorage","getBySession()"],"fullName":"PGArchiveStorage getBySession() returns null when no row found","status":"passed","title":"returns null when no row found","duration":0.23869999999999436,"failureMessages":[],"meta":{}},{"ancestorTitles":["PGArchiveStorage","getBySession()"],"fullName":"PGArchiveStorage getBySession() returns the latest document","status":"passed","title":"returns the latest document","duration":0.23919999999998254,"failureMessages":[],"meta":{}},{"ancestorTitles":["PGArchiveStorage","update()"],"fullName":"PGArchiveStorage update() returns false when no rows affected","status":"passed","title":"returns false when no rows affected","duration":0.28949999999997544,"failureMessages":[],"meta":{}},{"ancestorTitles":["PGArchiveStorage","update()"],"fullName":"PGArchiveStorage update() returns true and calls UPDATE on success","status":"passed","title":"returns true and calls UPDATE on success","duration":0.19449999999994816,"failureMessages":[],"meta":{}},{"ancestorTitles":["PGArchiveStorage","update()"],"fullName":"PGArchiveStorage update() maps JSON fields correctly in update","status":"passed","title":"maps JSON fields correctly in update","duration":0.37560000000007676,"failureMessages":[],"meta":{}},{"ancestorTitles":["PGArchiveStorage","update()"],"fullName":"PGArchiveStorage update() returns false when no fields to update","status":"passed","title":"returns false when no fields to update","duration":0.6046000000000049,"failureMessages":[],"meta":{}},{"ancestorTitles":["PGArchiveStorage","delete()"],"fullName":"PGArchiveStorage delete() returns false when no rows affected","status":"passed","title":"returns false when no rows affected","duration":0.5838999999999714,"failureMessages":[],"meta":{}},{"ancestorTitles":["PGArchiveStorage","delete()"],"fullName":"PGArchiveStorage delete() returns true on successful delete","status":"passed","title":"returns true on successful delete","duration":0.2857000000000198,"failureMessages":[],"meta":{}},{"ancestorTitles":["PGArchiveStorage","listBySession()"],"fullName":"PGArchiveStorage listBySession() returns empty array when no rows found","status":"passed","title":"returns empty array when no rows found","duration":0.40859999999997854,"failureMessages":[],"meta":{}},{"ancestorTitles":["PGArchiveStorage","listBySession()"],"fullName":"PGArchiveStorage listBySession() maps all rows to ArchiveDocument","status":"passed","title":"maps all rows to ArchiveDocument","duration":0.49699999999995725,"failureMessages":[],"meta":{}},{"ancestorTitles":["PGArchiveStorage","ping()"],"fullName":"PGArchiveStorage ping() returns true on successful query","status":"passed","title":"returns true on successful query","duration":0.1875,"failureMessages":[],"meta":{}},{"ancestorTitles":["PGArchiveStorage","ping()"],"fullName":"PGArchiveStorage ping() returns false on query error","status":"passed","title":"returns false on query error","duration":0.22519999999997253,"failureMessages":[],"meta":{}},{"ancestorTitles":["PGArchiveQuery","searchByEmbedding()"],"fullName":"PGArchiveQuery searchByEmbedding() calls SELECT with cosine similarity","status":"passed","title":"calls SELECT with cosine similarity","duration":0.3343999999999596,"failureMessages":[],"meta":{}},{"ancestorTitles":["PGArchiveQuery","searchByEmbedding()"],"fullName":"PGArchiveQuery searchByEmbedding() returns empty array when pgvector is not installed","status":"passed","title":"returns empty array when pgvector is not installed","duration":0.1875999999999749,"failureMessages":[],"meta":{}},{"ancestorTitles":["PGArchiveQuery","searchByEmbedding()"],"fullName":"PGArchiveQuery searchByEmbedding() returns results with similarity scores","status":"passed","title":"returns results with similarity scores","duration":0.19700000000000273,"failureMessages":[],"meta":{}},{"ancestorTitles":["PGArchiveQuery","searchByEmbedding()"],"fullName":"PGArchiveQuery searchByEmbedding() applies filters correctly","status":"passed","title":"applies filters correctly","duration":0.24129999999991014,"failureMessages":[],"meta":{}},{"ancestorTitles":["PGArchiveQuery","searchByKeyword()"],"fullName":"PGArchiveQuery searchByKeyword() uses ILIKE for case-insensitive search","status":"passed","title":"uses ILIKE for case-insensitive search","duration":0.2963999999999487,"failureMessages":[],"meta":{}},{"ancestorTitles":["PGArchiveQuery","searchByKeyword()"],"fullName":"PGArchiveQuery searchByKeyword() returns results with highlight","status":"passed","title":"returns results with highlight","duration":0.6146999999999707,"failureMessages":[],"meta":{}},{"ancestorTitles":["PGArchiveQuery","searchByKeyword()"],"fullName":"PGArchiveQuery searchByKeyword() respects limit parameter","status":"passed","title":"respects limit parameter","duration":0.14150000000006457,"failureMessages":[],"meta":{}}],"startTime":1779076046451,"endTime":1779076046462.1416,"status":"passed","message":"","name":"C:/Users/ligua/Desktop/AI项目/trustos/TrustOS/tests/services/phase5/pg-archive-storage.test.ts"},{"assertionResults":[{"ancestorTitles":["S3ArchiveStorage","ping()"],"fullName":"S3ArchiveStorage ping() returns true when bucket is accessible","status":"passed","title":"returns true when bucket is accessible","duration":13.767000000000053,"failureMessages":[],"meta":{}},{"ancestorTitles":["S3ArchiveStorage","ping()"],"fullName":"S3ArchiveStorage ping() returns true even when prefix does not exist (graceful fallback)","status":"passed","title":"returns true even when prefix does not exist (graceful fallback)","duration":1.5820999999999685,"failureMessages":[],"meta":{}},{"ancestorTitles":["S3ArchiveStorage","save()"],"fullName":"S3ArchiveStorage save() stores document with correct object key","status":"passed","title":"stores document with correct object key","duration":3.3974000000000615,"failureMessages":[],"meta":{}},{"ancestorTitles":["S3ArchiveStorage","save()"],"fullName":"S3ArchiveStorage save() returns the document id","status":"passed","title":"returns the document id","duration":1.6880000000001019,"failureMessages":[],"meta":{}},{"ancestorTitles":["S3ArchiveStorage","getById()"],"fullName":"S3ArchiveStorage getById() returns null for non-existent id","status":"passed","title":"returns null for non-existent id","duration":2.265600000000063,"failureMessages":[],"meta":{}},{"ancestorTitles":["S3ArchiveStorage","getById()"],"fullName":"S3ArchiveStorage getById() returns document by id after save","status":"passed","title":"returns document by id after save","duration":1.9810999999999694,"failureMessages":[],"meta":{}},{"ancestorTitles":["S3ArchiveStorage","getBySession()"],"fullName":"S3ArchiveStorage getBySession() returns null for non-existent session","status":"passed","title":"returns null for non-existent session","duration":1.4911999999999352,"failureMessages":[],"meta":{}},{"ancestorTitles":["S3ArchiveStorage","getBySession()"],"fullName":"S3ArchiveStorage getBySession() returns latest document for session","status":"passed","title":"returns latest document for session","duration":1.6499000000000024,"failureMessages":[],"meta":{}},{"ancestorTitles":["S3ArchiveStorage","update()"],"fullName":"S3ArchiveStorage update() returns false for non-existent id","status":"passed","title":"returns false for non-existent id","duration":1.611099999999965,"failureMessages":[],"meta":{}},{"ancestorTitles":["S3ArchiveStorage","update()"],"fullName":"S3ArchiveStorage update() updates existing document","status":"passed","title":"updates existing document","duration":1.9577000000000453,"failureMessages":[],"meta":{}},{"ancestorTitles":["S3ArchiveStorage","delete()"],"fullName":"S3ArchiveStorage delete() returns false for non-existent id","status":"passed","title":"returns false for non-existent id","duration":1.0661000000000058,"failureMessages":[],"meta":{}},{"ancestorTitles":["S3ArchiveStorage","delete()"],"fullName":"S3ArchiveStorage delete() removes document after delete","status":"passed","title":"removes document after delete","duration":1.1184999999999263,"failureMessages":[],"meta":{}},{"ancestorTitles":["S3ArchiveStorage","listBySession()"],"fullName":"S3ArchiveStorage listBySession() returns empty array for non-existent session","status":"passed","title":"returns empty array for non-existent session","duration":1.668100000000095,"failureMessages":[],"meta":{}},{"ancestorTitles":["S3ArchiveStorage","listBySession()"],"fullName":"S3ArchiveStorage listBySession() returns all documents for session","status":"passed","title":"returns all documents for session","duration":1.5395000000000891,"failureMessages":[],"meta":{}},{"ancestorTitles":["S3ArchiveStorage","getPresignedUrl()"],"fullName":"S3ArchiveStorage getPresignedUrl() returns a signed URL string","status":"passed","title":"returns a signed URL string","duration":1.1141999999999825,"failureMessages":[],"meta":{}}],"startTime":1779076047169,"endTime":1779076047209.1143,"status":"passed","message":"","name":"C:/Users/ligua/Desktop/AI项目/trustos/TrustOS/tests/services/phase5/s3-archive-storage.test.ts"},{"assertionResults":[{"ancestorTitles":["IArchiveStorage Interface — LocalArchiveStorage"],"fullName":"IArchiveStorage Interface — LocalArchiveStorage ping() returns boolean","status":"passed","title":"ping() returns boolean","duration":3.352600000000052,"failureMessages":[],"meta":{}},{"ancestorTitles":["IArchiveStorage Interface — LocalArchiveStorage"],"fullName":"IArchiveStorage Interface — LocalArchiveStorage round-trip: save + getById","status":"passed","title":"round-trip: save + getById","duration":10.087800000000016,"failureMessages":[],"meta":{}},{"ancestorTitles":["IArchiveStorage Interface — LocalArchiveStorage"],"fullName":"IArchiveStorage Interface — LocalArchiveStorage save + getBySession","status":"passed","title":"save + getBySession","duration":12.585900000000038,"failureMessages":[],"meta":{}},{"ancestorTitles":["IArchiveStorage Interface — LocalArchiveStorage"],"fullName":"IArchiveStorage Interface — LocalArchiveStorage save + listBySession returns array","status":"passed","title":"save + listBySession returns array","duration":6.1802000000000135,"failureMessages":[],"meta":{}},{"ancestorTitles":["IArchiveStorage Interface — LocalArchiveStorage"],"fullName":"IArchiveStorage Interface — LocalArchiveStorage update() modifies fields","status":"passed","title":"update() modifies fields","duration":9.44659999999999,"failureMessages":[],"meta":{}},{"ancestorTitles":["IArchiveStorage Interface — LocalArchiveStorage"],"fullName":"IArchiveStorage Interface — LocalArchiveStorage updateCommandStatus() sets status and slow_execution","status":"passed","title":"updateCommandStatus() sets status and slow_execution","duration":9.084699999999998,"failureMessages":[],"meta":{}},{"ancestorTitles":["IArchiveStorage Interface — LocalArchiveStorage"],"fullName":"IArchiveStorage Interface — LocalArchiveStorage delete() removes document","status":"passed","title":"delete() removes document","duration":11.218099999999936,"failureMessages":[],"meta":{}},{"ancestorTitles":["IArchiveStorage Interface — LocalArchiveStorage"],"fullName":"IArchiveStorage Interface — LocalArchiveStorage delete() returns false for non-existent id","status":"passed","title":"delete() returns false for non-existent id","duration":3.3629999999999427,"failureMessages":[],"meta":{}},{"ancestorTitles":["IArchiveStorage Interface — LocalArchiveStorage"],"fullName":"IArchiveStorage Interface — LocalArchiveStorage getById() returns null for non-existent id","status":"passed","title":"getById() returns null for non-existent id","duration":3.302000000000021,"failureMessages":[],"meta":{}},{"ancestorTitles":["IArchiveStorage Interface — LocalArchiveStorage"],"fullName":"IArchiveStorage Interface — LocalArchiveStorage getBySession() returns null for non-existent session","status":"passed","title":"getBySession() returns null for non-existent session","duration":1.6749999999999545,"failureMessages":[],"meta":{}},{"ancestorTitles":["IArchiveStorage Interface — LocalArchiveStorage"],"fullName":"IArchiveStorage Interface — LocalArchiveStorage listBySession() returns empty array for non-existent session","status":"passed","title":"listBySession() returns empty array for non-existent session","duration":1.3239999999999554,"failureMessages":[],"meta":{}},{"ancestorTitles":["IArchiveStorage Interface — LocalArchiveStorage"],"fullName":"IArchiveStorage Interface — LocalArchiveStorage update() returns false for non-existent id","status":"passed","title":"update() returns false for non-existent id","duration":1.419999999999959,"failureMessages":[],"meta":{}},{"ancestorTitles":["ArchiveDocument type validation"],"fullName":"ArchiveDocument type validation required fields are present","status":"passed","title":"required fields are present","duration":1.3031000000000859,"failureMessages":[],"meta":{}},{"ancestorTitles":["ArchiveDocument type validation"],"fullName":"ArchiveDocument type validation optional fields can be undefined","status":"passed","title":"optional fields can be undefined","duration":0.9971000000000458,"failureMessages":[],"meta":{}}],"startTime":1779076047192,"endTime":1779076047268.997,"status":"passed","message":"","name":"C:/Users/ligua/Desktop/AI项目/trustos/TrustOS/tests/services/phase5/storage-backend.test.ts"},{"assertionResults":[{"ancestorTitles":["TTL Eviction — Local Backend"],"fullName":"TTL Eviction — Local Backend dryRun: 不删除，只统计","status":"passed","title":"dryRun: 不删除，只统计","duration":119.62919999999997,"failureMessages":[],"meta":{}},{"ancestorTitles":["TTL Eviction — Local Backend"],"fullName":"TTL Eviction — Local Backend 真实删除：只删除过期文件","status":"passed","title":"真实删除：只删除过期文件","duration":7.849999999999909,"failureMessages":[],"meta":{}},{"ancestorTitles":["TTL Eviction — Local Backend"],"fullName":"TTL Eviction — Local Backend TTL=0 不触发扫描和删除","status":"passed","title":"TTL=0 不触发扫描和删除","duration":4.477499999999964,"failureMessages":[],"meta":{}},{"ancestorTitles":["TTL Eviction — Local Backend"],"fullName":"TTL Eviction — Local Backend 目录不存在时优雅处理","status":"passed","title":"目录不存在时优雅处理","duration":1.945799999999963,"failureMessages":[],"meta":{}}],"startTime":1779076047728,"endTime":1779076047861.9458,"status":"passed","message":"","name":"C:/Users/ligua/Desktop/AI项目/trustos/TrustOS/tests/services/phase5/ttl-eviction.test.ts"},{"assertionResults":[{"ancestorTitles":["Artifact Verifier V0"],"fullName":"Artifact Verifier V0 VF-01 valid React artifact passes","status":"passed","title":"VF-01 valid React artifact passes","duration":2.327600000000075,"failureMessages":[],"meta":{}},{"ancestorTitles":["Artifact Verifier V0"],"fullName":"Artifact Verifier V0 VF-02 empty content fails (VF-001 error)","status":"passed","title":"VF-02 empty content fails (VF-001 error)","duration":0.7197999999999638,"failureMessages":[],"meta":{}},{"ancestorTitles":["Artifact Verifier V0"],"fullName":"Artifact Verifier V0 VF-03 unknown artifact type → VF-002 warning (not error)","status":"passed","title":"VF-03 unknown artifact type → VF-002 warning (not error)","duration":0.3269999999999982,"failureMessages":[],"meta":{}},{"ancestorTitles":["Artifact Verifier V0"],"fullName":"Artifact Verifier V0 VF-04 missing React structure → VF-003 warning","status":"passed","title":"VF-04 missing React structure → VF-003 warning","duration":0.4008000000000038,"failureMessages":[],"meta":{}},{"ancestorTitles":["Artifact Verifier V0"],"fullName":"Artifact Verifier V0 VF-05 revision lineage valid passes","status":"passed","title":"VF-05 revision lineage valid passes","duration":0.287900000000036,"failureMessages":[],"meta":{}},{"ancestorTitles":["Artifact Verifier V0"],"fullName":"Artifact Verifier V0 VF-06 revision lineage mismatch fails (VF-004 error)","status":"passed","title":"VF-06 revision lineage mismatch fails (VF-004 error)","duration":0.3266999999999598,"failureMessages":[],"meta":{}},{"ancestorTitles":["Artifact Verifier V0"],"fullName":"Artifact Verifier V0 VF-07 artifactToManager=true → VF-006 error","status":"passed","title":"VF-07 artifactToManager=true → VF-006 error","duration":0.3188999999999851,"failureMessages":[],"meta":{}},{"ancestorTitles":["Artifact Verifier V0"],"fullName":"Artifact Verifier V0 VF-08 rawHistoryToWorker=true → VF-007 error","status":"passed","title":"VF-08 rawHistoryToWorker=true → VF-007 error","duration":0.23300000000006094,"failureMessages":[],"meta":{}},{"ancestorTitles":["Artifact Verifier V0"],"fullName":"Artifact Verifier V0 VF-09 rawMemoryToWorker=true → VF-008 error","status":"passed","title":"VF-09 rawMemoryToWorker=true → VF-008 error","duration":0.25700000000006185,"failureMessages":[],"meta":{}},{"ancestorTitles":["Artifact Verifier V0"],"fullName":"Artifact Verifier V0 VF-10 patchApplied=true with empty content → VF-005 error","status":"passed","title":"VF-10 patchApplied=true with empty content → VF-005 error","duration":0.28499999999996817,"failureMessages":[],"meta":{}},{"ancestorTitles":["Artifact Verifier V0"],"fullName":"Artifact Verifier V0 VF-11 score degrades on warning (VF-002 → score < 1.0)","status":"passed","title":"VF-11 score degrades on warning (VF-002 → score < 1.0)","duration":0.2502000000000635,"failureMessages":[],"meta":{}},{"ancestorTitles":["Artifact Verifier V0"],"fullName":"Artifact Verifier V0 VF-12 multiple errors stack (score >= 0.0)","status":"passed","title":"VF-12 multiple errors stack (score >= 0.0)","duration":0.22090000000002874,"failureMessages":[],"meta":{}},{"ancestorTitles":["Artifact Verifier V0"],"fullName":"Artifact Verifier V0 VF-13 verifierVersion is always v0","status":"passed","title":"VF-13 verifierVersion is always v0","duration":0.12060000000008131,"failureMessages":[],"meta":{}},{"ancestorTitles":["Artifact Verifier V0"],"fullName":"Artifact Verifier V0 VF-14 passed=true when only warnings","status":"passed","title":"VF-14 passed=true when only warnings","duration":0.1470000000000482,"failureMessages":[],"meta":{}},{"ancestorTitles":["Artifact Verifier V0"],"fullName":"Artifact Verifier V0 verificationToLedgerEntry produces correct counts","status":"passed","title":"verificationToLedgerEntry produces correct counts","duration":0.31890000000009877,"failureMessages":[],"meta":{}},{"ancestorTitles":["Artifact Verifier V0"],"fullName":"Artifact Verifier V0 minimal export default function passes VF-003","status":"passed","title":"minimal export default function passes VF-003","duration":0.1208000000000311,"failureMessages":[],"meta":{}},{"ancestorTitles":["Artifact Verifier V0"],"fullName":"Artifact Verifier V0 all security flags false → security checks all pass","status":"passed","title":"all security flags false → security checks all pass","duration":0.28749999999990905,"failureMessages":[],"meta":{}},{"ancestorTitles":["Artifact Verifier V0"],"fullName":"Artifact Verifier V0 null actual revisionId with non-null expected → VF-004 warning","status":"passed","title":"null actual revisionId with non-null expected → VF-004 warning","duration":0.17450000000008004,"failureMessages":[],"meta":{}}],"startTime":1779076046453,"endTime":1779076046461.1746,"status":"passed","message":"","name":"C:/Users/ligua/Desktop/AI项目/trustos/TrustOS/tests/services/verifier/artifact-verifier.test.ts"}]}